#
# There is insufficient memory for the Java Runtime Environment to continue.
# Native memory allocation (malloc) failed to allocate 977136 bytes for Chunk::new
# Possible reasons:
#   The system is out of physical RAM or swap space
#   The process is running with CompressedOops enabled, and the Java Heap may be blocking the growth of the native heap
# Possible solutions:
#   Reduce memory load on the system
#   Increase physical memory or swap space
#   Check if swap backing store is full
#   Decrease Java heap size (-Xmx/-Xms)
#   Decrease number of Java threads
#   Decrease Java thread stack sizes (-Xss)
#   Set larger code cache with -XX:ReservedCodeCacheSize=
#   JVM is running with Unscaled Compressed Oops mode in which the Java heap is
#     placed in the first 4GB address space. The Java Heap base address is the
#     maximum limit for the native heap growth. Please use -XX:HeapBaseMinAddress
#     to set the Java Heap base and to place the Java Heap above 4GB virtual address.
# This output file may be truncated or incomplete.
#
#  Out of Memory Error (./src/hotspot/share/memory/arena.cpp:197), pid=13476, tid=10632
#
# JRE version: OpenJDK Runtime Environment (11.0.10) (build 11.0.10+0-b96-7249189)
# Java VM: OpenJDK 64-Bit Server VM (11.0.10+0-b96-7249189, mixed mode, tiered, compressed oops, g1 gc, windows-amd64)
# No core dump will be written. Minidumps are not enabled by default on client versions of Windows
#

---------------  S U M M A R Y ------------

Command Line: --add-opens=java.base/java.util=ALL-UNNAMED --add-opens=java.base/java.lang=ALL-UNNAMED --add-opens=java.base/java.lang.invoke=ALL-UNNAMED --add-opens=java.base/java.util=ALL-UNNAMED --add-opens=java.prefs/java.util.prefs=ALL-UNNAMED --add-opens=java.prefs/java.util.prefs=ALL-UNNAMED --add-opens=java.base/java.nio.charset=ALL-UNNAMED --add-opens=java.base/java.net=ALL-UNNAMED --add-opens=java.base/java.util.concurrent.atomic=ALL-UNNAMED -Xmx2048m -Dfile.encoding=UTF-8 -Duser.country=RU -Duser.language=ru -Duser.variant org.gradle.launcher.daemon.bootstrap.GradleDaemon 7.0.2

Host: Intel(R) Core(TM) i5-2410M CPU @ 2.30GHz, 4 cores, 7G,  Windows 7 , 64 bit Build 7601 (6.1.7601.24387)
Time: Wed Nov 24 22:13:35 2021 RTZ 2 (ceia) elapsed time: 8.517820 seconds (0d 0h 0m 8s)

---------------  T H R E A D  ---------------

Current thread (0x000000005d668000):  JavaThread "C2 CompilerThread0" daemon [_thread_in_native, id=10632, stack(0x000000005db80000,0x000000005dc80000)]


Current CompileTask:
C2:   8517 2186       4       java.net.URLClassLoader$1::run (5 bytes)

Stack: [0x000000005db80000,0x000000005dc80000]
Native frames: (J=compiled Java code, j=interpreted, Vv=VM code, C=native code)
V  [jvm.dll+0x5ecfaa]
V  [jvm.dll+0x722bd5]
V  [jvm.dll+0x72412d]
V  [jvm.dll+0x7247e3]
V  [jvm.dll+0x242928]
V  [jvm.dll+0xbc4fc]
V  [jvm.dll+0xbca0c]
V  [jvm.dll+0x2b4fd4]
V  [jvm.dll+0x506028]
V  [jvm.dll+0x203253]
V  [jvm.dll+0x1fd07c]
V  [jvm.dll+0x1fa77f]
V  [jvm.dll+0x18354c]
V  [jvm.dll+0x208ee7]
V  [jvm.dll+0x207731]
V  [jvm.dll+0x6eb1cf]
V  [jvm.dll+0x6e3d45]
V  [jvm.dll+0x5ebe96]
C  [ucrtbase.DLL+0x1cd70]
C  [kernel32.dll+0x1571d]
C  [ntdll.dll+0x5385d]


---------------  P R O C E S S  ---------------

Threads class SMR info:
_java_thread_list=0x0000000060fb4250, length=26, elements={
0x00000000003c9800, 0x000000005d63d000, 0x000000005d63f800, 0x000000005d65b000,
0x000000005d65e800, 0x000000005d660000, 0x000000005d668000, 0x000000005d66a000,
0x000000005d66f000, 0x000000005e4be800, 0x0000000060e67800, 0x00000000604cb800,
0x000000005ffc6000, 0x000000005fd8d800, 0x000000005fd91000, 0x0000000060162000,
0x0000000060281800, 0x000000006131a000, 0x0000000060fe7000, 0x000000005fd69000,
0x000000005fd6a000, 0x000000005fd6b000, 0x000000005fd6b800, 0x0000000061d1c000,
0x000000005fd6c800, 0x000000005fd6d000
}

Java Threads: ( => current thread )
  0x00000000003c9800 JavaThread "main" [_thread_blocked, id=5048, stack(0x0000000002130000,0x0000000002230000)]
  0x000000005d63d000 JavaThread "Reference Handler" daemon [_thread_blocked, id=14740, stack(0x000000005da00000,0x000000005db00000)]
  0x000000005d63f800 JavaThread "Finalizer" daemon [_thread_blocked, id=5284, stack(0x000000005dc80000,0x000000005dd80000)]
  0x000000005d65b000 JavaThread "Signal Dispatcher" daemon [_thread_blocked, id=13564, stack(0x000000005dd80000,0x000000005de80000)]
  0x000000005d65e800 JavaThread "Attach Listener" daemon [_thread_blocked, id=12832, stack(0x000000005d700000,0x000000005d800000)]
  0x000000005d660000 JavaThread "Service Thread" daemon [_thread_blocked, id=5824, stack(0x000000005df20000,0x000000005e020000)]
=>0x000000005d668000 JavaThread "C2 CompilerThread0" daemon [_thread_in_native, id=10632, stack(0x000000005db80000,0x000000005dc80000)]
  0x000000005d66a000 JavaThread "C1 CompilerThread0" daemon [_thread_blocked, id=12160, stack(0x000000005e030000,0x000000005e130000)]
  0x000000005d66f000 JavaThread "Sweeper thread" daemon [_thread_blocked, id=13920, stack(0x000000005e2b0000,0x000000005e3b0000)]
  0x000000005e4be800 JavaThread "Common-Cleaner" daemon [_thread_blocked, id=13308, stack(0x000000005e170000,0x000000005e270000)]
  0x0000000060e67800 JavaThread "Daemon health stats" [_thread_blocked, id=14916, stack(0x0000000062d50000,0x0000000062e50000)]
  0x00000000604cb800 JavaThread "Incoming local TCP Connector on port 59538" [_thread_in_native, id=4832, stack(0x000000005f4c0000,0x000000005f5c0000)]
  0x000000005ffc6000 JavaThread "Daemon periodic checks" [_thread_blocked, id=14344, stack(0x0000000062bf0000,0x0000000062cf0000)]
  0x000000005fd8d800 JavaThread "Daemon" [_thread_blocked, id=13960, stack(0x000000005f360000,0x000000005f460000)]
  0x000000005fd91000 JavaThread "Handler for socket connection from /127.0.0.1:59538 to /127.0.0.1:59539" [_thread_in_native, id=12248, stack(0x0000000063100000,0x0000000063200000)]
  0x0000000060162000 JavaThread "Cancel handler" [_thread_blocked, id=14964, stack(0x00000000634f0000,0x00000000635f0000)]
  0x0000000060281800 JavaThread "Daemon worker" [_thread_in_vm, id=12016, stack(0x0000000063670000,0x0000000063770000)]
  0x000000006131a000 JavaThread "Asynchronous log dispatcher for DefaultDaemonConnection: socket connection from /127.0.0.1:59538 to /127.0.0.1:59539" [_thread_blocked, id=12836, stack(0x0000000063940000,0x0000000063a40000)]
  0x0000000060fe7000 JavaThread "Stdin handler" [_thread_blocked, id=14236, stack(0x00000000637d0000,0x00000000638d0000)]
  0x000000005fd69000 JavaThread "Daemon client event forwarder" [_thread_blocked, id=13012, stack(0x0000000063b30000,0x0000000063c30000)]
  0x000000005fd6a000 JavaThread "Cache worker for file hash cache (C:\Users\user\.gradle\caches\7.0.2\fileHashes)" [_thread_blocked, id=13732, stack(0x0000000064140000,0x0000000064240000)]
  0x000000005fd6b000 JavaThread "File lock request listener" [_thread_in_native, id=14104, stack(0x0000000064340000,0x0000000064440000)]
  0x000000005fd6b800 JavaThread "Cache worker for journal cache (C:\Users\user\.gradle\caches\journal-1)" [_thread_blocked, id=15056, stack(0x0000000063cd0000,0x0000000063dd0000)]
  0x0000000061d1c000 JavaThread "C2 CompilerThread1" daemon [_thread_in_native, id=12992, stack(0x0000000064cd0000,0x0000000064dd0000)]
  0x000000005fd6c800 JavaThread "Cache worker for file hash cache (D:\AppData\Local\SmartActivityTracker\.gradle\7.0.2\fileHashes)" [_thread_blocked, id=14132, stack(0x0000000064670000,0x0000000064770000)]
  0x000000005fd6d000 JavaThread "File watcher server" daemon [_thread_in_native, id=15016, stack(0x0000000064e20000,0x0000000064f20000)]

Other Threads:
  0x000000005d639000 VMThread "VM Thread" [stack: 0x000000005d820000,0x000000005d920000] [id=4484]
  0x000000005e4cc000 WatcherThread [stack: 0x000000005e940000,0x000000005ea40000] [id=4060]
  0x00000000003df800 GCTaskThread "GC Thread#0" [stack: 0x0000000002410000,0x0000000002510000] [id=13608]
  0x000000005eed8000 GCTaskThread "GC Thread#1" [stack: 0x000000005f610000,0x000000005f710000] [id=8008]
  0x000000005f035800 GCTaskThread "GC Thread#2" [stack: 0x000000005f740000,0x000000005f840000] [id=14204]
  0x000000005fd7d000 GCTaskThread "GC Thread#3" [stack: 0x0000000063de0000,0x0000000063ee0000] [id=14524]
  0x0000000000410800 ConcurrentGCThread "G1 Main Marker" [stack: 0x000000001a2a0000,0x000000001a3a0000] [id=14476]
  0x0000000000411800 ConcurrentGCThread "G1 Conc#0" [stack: 0x000000001a560000,0x000000001a660000] [id=1012]
  0x000000001c8f9800 ConcurrentGCThread "G1 Refine#0" [stack: 0x000000001caa0000,0x000000001cba0000] [id=12148]
  0x000000001c8fa800 ConcurrentGCThread "G1 Young RemSet Sampling" [stack: 0x000000001cbf0000,0x000000001ccf0000] [id=12716]

Threads with active compile tasks:
C2 CompilerThread0   8551 2186       4       java.net.URLClassLoader$1::run (5 bytes)
C2 CompilerThread1   8551 2187   !   4       java.net.URLClassLoader$1::run (63 bytes)

VM state:not at safepoint (normal execution)

VM Mutex/Monitor currently owned by a thread: None

Heap address: 0x0000000080000000, size: 2048 MB, Compressed Oops mode: 32-bit
Narrow klass base: 0x0000000000000000, Narrow klass shift: 0
Compressed class space size: 1073741824 Address: 0x000000001ccf0000

Heap:
 garbage-first heap   total 131072K, used 63564K [0x0000000080000000, 0x0000000100000000)
  region size 1024K, 51 young (52224K), 5 survivors (5120K)
 Metaspace       used 25260K, capacity 25903K, committed 26112K, reserved 1071104K
  class space    used 3287K, capacity 3500K, committed 3584K, reserved 1048576K
Heap Regions: E=young(eden), S=young(survivor), O=old, HS=humongous(starts), HC=humongous(continues), CS=collection set, F=free, A=archive, TAMS=top-at-mark-start (previous, next)
|   0|0x0000000080000000, 0x0000000080100000, 0x0000000080100000|100%| O|  |TAMS 0x0000000080100000, 0x0000000080000000| Untracked 
|   1|0x0000000080100000, 0x0000000080200000, 0x0000000080200000|100%| O|  |TAMS 0x0000000080200000, 0x0000000080100000| Untracked 
|   2|0x0000000080200000, 0x0000000080300000, 0x0000000080300000|100%| O|  |TAMS 0x0000000080300000, 0x0000000080200000| Untracked 
|   3|0x0000000080300000, 0x0000000080400000, 0x0000000080400000|100%|HS|  |TAMS 0x0000000080400000, 0x0000000080300000| Complete 
|   4|0x0000000080400000, 0x0000000080500000, 0x0000000080500000|100%|HC|  |TAMS 0x0000000080500000, 0x0000000080400000| Complete 
|   5|0x0000000080500000, 0x0000000080600000, 0x0000000080600000|100%|HC|  |TAMS 0x0000000080600000, 0x0000000080500000| Complete 
|   6|0x0000000080600000, 0x0000000080700000, 0x0000000080700000|100%| O|  |TAMS 0x0000000080700000, 0x0000000080600000| Untracked 
|   7|0x0000000080700000, 0x0000000080800000, 0x0000000080800000|100%| O|  |TAMS 0x0000000080800000, 0x0000000080700000| Untracked 
|   8|0x0000000080800000, 0x0000000080900000, 0x0000000080900000|100%| O|  |TAMS 0x0000000080900000, 0x0000000080800000| Untracked 
|   9|0x0000000080900000, 0x0000000080a00000, 0x0000000080a00000|100%| O|  |TAMS 0x0000000080a00000, 0x0000000080900000| Untracked 
|  10|0x0000000080a00000, 0x0000000080b00000, 0x0000000080b00000|100%| O|  |TAMS 0x0000000080b00000, 0x0000000080a00000| Untracked 
|  11|0x0000000080b00000, 0x0000000080c00000, 0x0000000080c00000|100%| O|  |TAMS 0x0000000080c00000, 0x0000000080b00000| Untracked 
|  12|0x0000000080c00000, 0x0000000080c56800, 0x0000000080d00000| 33%| O|  |TAMS 0x0000000080c56800, 0x0000000080c00000| Untracked 
|  13|0x0000000080d00000, 0x0000000080d00000, 0x0000000080e00000|  0%| F|  |TAMS 0x0000000080d00000, 0x0000000080d00000| Untracked 
|  14|0x0000000080e00000, 0x0000000080e00000, 0x0000000080f00000|  0%| F|  |TAMS 0x0000000080e00000, 0x0000000080e00000| Untracked 
|  15|0x0000000080f00000, 0x0000000080f00000, 0x0000000081000000|  0%| F|  |TAMS 0x0000000080f00000, 0x0000000080f00000| Untracked 
|  16|0x0000000081000000, 0x0000000081000000, 0x0000000081100000|  0%| F|  |TAMS 0x0000000081000000, 0x0000000081000000| Untracked 
|  17|0x0000000081100000, 0x0000000081100000, 0x0000000081200000|  0%| F|  |TAMS 0x0000000081100000, 0x0000000081100000| Untracked 
|  18|0x0000000081200000, 0x0000000081200000, 0x0000000081300000|  0%| F|  |TAMS 0x0000000081200000, 0x0000000081200000| Untracked 
|  19|0x0000000081300000, 0x0000000081300000, 0x0000000081400000|  0%| F|  |TAMS 0x0000000081300000, 0x0000000081300000| Untracked 
|  20|0x0000000081400000, 0x0000000081400000, 0x0000000081500000|  0%| F|  |TAMS 0x0000000081400000, 0x0000000081400000| Untracked 
|  21|0x0000000081500000, 0x0000000081500000, 0x0000000081600000|  0%| F|  |TAMS 0x0000000081500000, 0x0000000081500000| Untracked 
|  22|0x0000000081600000, 0x0000000081600000, 0x0000000081700000|  0%| F|  |TAMS 0x0000000081600000, 0x0000000081600000| Untracked 
|  23|0x0000000081700000, 0x0000000081700000, 0x0000000081800000|  0%| F|  |TAMS 0x0000000081700000, 0x0000000081700000| Untracked 
|  24|0x0000000081800000, 0x0000000081800000, 0x0000000081900000|  0%| F|  |TAMS 0x0000000081800000, 0x0000000081800000| Untracked 
|  25|0x0000000081900000, 0x0000000081900000, 0x0000000081a00000|  0%| F|  |TAMS 0x0000000081900000, 0x0000000081900000| Untracked 
|  26|0x0000000081a00000, 0x0000000081a00000, 0x0000000081b00000|  0%| F|  |TAMS 0x0000000081a00000, 0x0000000081a00000| Untracked 
|  27|0x0000000081b00000, 0x0000000081b00000, 0x0000000081c00000|  0%| F|  |TAMS 0x0000000081b00000, 0x0000000081b00000| Untracked 
|  28|0x0000000081c00000, 0x0000000081c00000, 0x0000000081d00000|  0%| F|  |TAMS 0x0000000081c00000, 0x0000000081c00000| Untracked 
|  29|0x0000000081d00000, 0x0000000081d00000, 0x0000000081e00000|  0%| F|  |TAMS 0x0000000081d00000, 0x0000000081d00000| Untracked 
|  30|0x0000000081e00000, 0x0000000081e00000, 0x0000000081f00000|  0%| F|  |TAMS 0x0000000081e00000, 0x0000000081e00000| Untracked 
|  31|0x0000000081f00000, 0x0000000081f00000, 0x0000000082000000|  0%| F|  |TAMS 0x0000000081f00000, 0x0000000081f00000| Untracked 
|  32|0x0000000082000000, 0x0000000082000000, 0x0000000082100000|  0%| F|  |TAMS 0x0000000082000000, 0x0000000082000000| Untracked 
|  33|0x0000000082100000, 0x0000000082100000, 0x0000000082200000|  0%| F|  |TAMS 0x0000000082100000, 0x0000000082100000| Untracked 
|  34|0x0000000082200000, 0x0000000082200000, 0x0000000082300000|  0%| F|  |TAMS 0x0000000082200000, 0x0000000082200000| Untracked 
|  35|0x0000000082300000, 0x0000000082300000, 0x0000000082400000|  0%| F|  |TAMS 0x0000000082300000, 0x0000000082300000| Untracked 
|  36|0x0000000082400000, 0x0000000082400000, 0x0000000082500000|  0%| F|  |TAMS 0x0000000082400000, 0x0000000082400000| Untracked 
|  37|0x0000000082500000, 0x0000000082500000, 0x0000000082600000|  0%| F|  |TAMS 0x0000000082500000, 0x0000000082500000| Untracked 
|  38|0x0000000082600000, 0x0000000082600000, 0x0000000082700000|  0%| F|  |TAMS 0x0000000082600000, 0x0000000082600000| Untracked 
|  39|0x0000000082700000, 0x0000000082700000, 0x0000000082800000|  0%| F|  |TAMS 0x0000000082700000, 0x0000000082700000| Untracked 
|  40|0x0000000082800000, 0x0000000082800000, 0x0000000082900000|  0%| F|  |TAMS 0x0000000082800000, 0x0000000082800000| Untracked 
|  41|0x0000000082900000, 0x0000000082900000, 0x0000000082a00000|  0%| F|  |TAMS 0x0000000082900000, 0x0000000082900000| Untracked 
|  42|0x0000000082a00000, 0x0000000082a00000, 0x0000000082b00000|  0%| F|  |TAMS 0x0000000082a00000, 0x0000000082a00000| Untracked 
|  43|0x0000000082b00000, 0x0000000082b00000, 0x0000000082c00000|  0%| F|  |TAMS 0x0000000082b00000, 0x0000000082b00000| Untracked 
|  44|0x0000000082c00000, 0x0000000082c00000, 0x0000000082d00000|  0%| F|  |TAMS 0x0000000082c00000, 0x0000000082c00000| Untracked 
|  45|0x0000000082d00000, 0x0000000082d00000, 0x0000000082e00000|  0%| F|  |TAMS 0x0000000082d00000, 0x0000000082d00000| Untracked 
|  46|0x0000000082e00000, 0x0000000082e00000, 0x0000000082f00000|  0%| F|  |TAMS 0x0000000082e00000, 0x0000000082e00000| Untracked 
|  47|0x0000000082f00000, 0x0000000082f00000, 0x0000000083000000|  0%| F|  |TAMS 0x0000000082f00000, 0x0000000082f00000| Untracked 
|  48|0x0000000083000000, 0x0000000083000000, 0x0000000083100000|  0%| F|  |TAMS 0x0000000083000000, 0x0000000083000000| Untracked 
|  49|0x0000000083100000, 0x0000000083100000, 0x0000000083200000|  0%| F|  |TAMS 0x0000000083100000, 0x0000000083100000| Untracked 
|  50|0x0000000083200000, 0x0000000083200000, 0x0000000083300000|  0%| F|  |TAMS 0x0000000083200000, 0x0000000083200000| Untracked 
|  51|0x0000000083300000, 0x0000000083300000, 0x0000000083400000|  0%| F|  |TAMS 0x0000000083300000, 0x0000000083300000| Untracked 
|  52|0x0000000083400000, 0x0000000083400000, 0x0000000083500000|  0%| F|  |TAMS 0x0000000083400000, 0x0000000083400000| Untracked 
|  53|0x0000000083500000, 0x0000000083500000, 0x0000000083600000|  0%| F|  |TAMS 0x0000000083500000, 0x0000000083500000| Untracked 
|  54|0x0000000083600000, 0x0000000083600000, 0x0000000083700000|  0%| F|  |TAMS 0x0000000083600000, 0x0000000083600000| Untracked 
|  55|0x0000000083700000, 0x0000000083700000, 0x0000000083800000|  0%| F|  |TAMS 0x0000000083700000, 0x0000000083700000| Untracked 
|  56|0x0000000083800000, 0x0000000083800000, 0x0000000083900000|  0%| F|  |TAMS 0x0000000083800000, 0x0000000083800000| Untracked 
|  57|0x0000000083900000, 0x0000000083900000, 0x0000000083a00000|  0%| F|  |TAMS 0x0000000083900000, 0x0000000083900000| Untracked 
|  58|0x0000000083a00000, 0x0000000083a00000, 0x0000000083b00000|  0%| F|  |TAMS 0x0000000083a00000, 0x0000000083a00000| Untracked 
|  59|0x0000000083b00000, 0x0000000083b00000, 0x0000000083c00000|  0%| F|  |TAMS 0x0000000083b00000, 0x0000000083b00000| Untracked 
|  60|0x0000000083c00000, 0x0000000083c00000, 0x0000000083d00000|  0%| F|  |TAMS 0x0000000083c00000, 0x0000000083c00000| Untracked 
|  61|0x0000000083d00000, 0x0000000083d00000, 0x0000000083e00000|  0%| F|  |TAMS 0x0000000083d00000, 0x0000000083d00000| Untracked 
|  62|0x0000000083e00000, 0x0000000083e00000, 0x0000000083f00000|  0%| F|  |TAMS 0x0000000083e00000, 0x0000000083e00000| Untracked 
|  63|0x0000000083f00000, 0x0000000083f00000, 0x0000000084000000|  0%| F|  |TAMS 0x0000000083f00000, 0x0000000083f00000| Untracked 
|  64|0x0000000084000000, 0x0000000084000000, 0x0000000084100000|  0%| F|  |TAMS 0x0000000084000000, 0x0000000084000000| Untracked 
|  65|0x0000000084100000, 0x0000000084100000, 0x0000000084200000|  0%| F|  |TAMS 0x0000000084100000, 0x0000000084100000| Untracked 
|  66|0x0000000084200000, 0x0000000084200000, 0x0000000084300000|  0%| F|  |TAMS 0x0000000084200000, 0x0000000084200000| Untracked 
|  67|0x0000000084300000, 0x0000000084300000, 0x0000000084400000|  0%| F|  |TAMS 0x0000000084300000, 0x0000000084300000| Untracked 
|  68|0x0000000084400000, 0x0000000084400000, 0x0000000084500000|  0%| F|  |TAMS 0x0000000084400000, 0x0000000084400000| Untracked 
|  69|0x0000000084500000, 0x0000000084500000, 0x0000000084600000|  0%| F|  |TAMS 0x0000000084500000, 0x0000000084500000| Untracked 
|  70|0x0000000084600000, 0x0000000084600000, 0x0000000084700000|  0%| F|  |TAMS 0x0000000084600000, 0x0000000084600000| Untracked 
|  71|0x0000000084700000, 0x0000000084700000, 0x0000000084800000|  0%| F|  |TAMS 0x0000000084700000, 0x0000000084700000| Untracked 
|  72|0x0000000084800000, 0x0000000084800000, 0x0000000084900000|  0%| F|  |TAMS 0x0000000084800000, 0x0000000084800000| Untracked 
|  73|0x0000000084900000, 0x0000000084900000, 0x0000000084a00000|  0%| F|  |TAMS 0x0000000084900000, 0x0000000084900000| Untracked 
|  74|0x0000000084a00000, 0x0000000084a00000, 0x0000000084b00000|  0%| F|  |TAMS 0x0000000084a00000, 0x0000000084a00000| Untracked 
|  75|0x0000000084b00000, 0x0000000084b00000, 0x0000000084c00000|  0%| F|  |TAMS 0x0000000084b00000, 0x0000000084b00000| Untracked 
|  76|0x0000000084c00000, 0x0000000084c00000, 0x0000000084d00000|  0%| F|  |TAMS 0x0000000084c00000, 0x0000000084c00000| Untracked 
|  77|0x0000000084d00000, 0x0000000084d5a990, 0x0000000084e00000| 35%| E|  |TAMS 0x0000000084d00000, 0x0000000084d00000| Complete 
|  78|0x0000000084e00000, 0x0000000084f00000, 0x0000000084f00000|100%| E|CS|TAMS 0x0000000084e00000, 0x0000000084e00000| Complete 
|  79|0x0000000084f00000, 0x0000000085000000, 0x0000000085000000|100%| E|CS|TAMS 0x0000000084f00000, 0x0000000084f00000| Complete 
|  80|0x0000000085000000, 0x0000000085100000, 0x0000000085100000|100%| E|CS|TAMS 0x0000000085000000, 0x0000000085000000| Complete 
|  81|0x0000000085100000, 0x0000000085200000, 0x0000000085200000|100%| E|CS|TAMS 0x0000000085100000, 0x0000000085100000| Complete 
|  82|0x0000000085200000, 0x0000000085300000, 0x0000000085300000|100%| E|CS|TAMS 0x0000000085200000, 0x0000000085200000| Complete 
|  83|0x0000000085300000, 0x0000000085400000, 0x0000000085400000|100%| E|CS|TAMS 0x0000000085300000, 0x0000000085300000| Complete 
|  84|0x0000000085400000, 0x0000000085500000, 0x0000000085500000|100%| E|CS|TAMS 0x0000000085400000, 0x0000000085400000| Complete 
|  85|0x0000000085500000, 0x0000000085600000, 0x0000000085600000|100%| E|CS|TAMS 0x0000000085500000, 0x0000000085500000| Complete 
|  86|0x0000000085600000, 0x0000000085700000, 0x0000000085700000|100%| E|CS|TAMS 0x0000000085600000, 0x0000000085600000| Complete 
|  87|0x0000000085700000, 0x0000000085800000, 0x0000000085800000|100%| E|CS|TAMS 0x0000000085700000, 0x0000000085700000| Complete 
|  88|0x0000000085800000, 0x0000000085900000, 0x0000000085900000|100%| E|CS|TAMS 0x0000000085800000, 0x0000000085800000| Complete 
|  89|0x0000000085900000, 0x0000000085a00000, 0x0000000085a00000|100%| E|CS|TAMS 0x0000000085900000, 0x0000000085900000| Complete 
|  90|0x0000000085a00000, 0x0000000085b00000, 0x0000000085b00000|100%| E|CS|TAMS 0x0000000085a00000, 0x0000000085a00000| Complete 
|  91|0x0000000085b00000, 0x0000000085c00000, 0x0000000085c00000|100%| E|CS|TAMS 0x0000000085b00000, 0x0000000085b00000| Complete 
|  92|0x0000000085c00000, 0x0000000085d00000, 0x0000000085d00000|100%| E|CS|TAMS 0x0000000085c00000, 0x0000000085c00000| Complete 
|  93|0x0000000085d00000, 0x0000000085e00000, 0x0000000085e00000|100%| E|CS|TAMS 0x0000000085d00000, 0x0000000085d00000| Complete 
|  94|0x0000000085e00000, 0x0000000085f00000, 0x0000000085f00000|100%| E|CS|TAMS 0x0000000085e00000, 0x0000000085e00000| Complete 
|  95|0x0000000085f00000, 0x0000000086000000, 0x0000000086000000|100%| E|CS|TAMS 0x0000000085f00000, 0x0000000085f00000| Complete 
|  96|0x0000000086000000, 0x0000000086100000, 0x0000000086100000|100%| E|CS|TAMS 0x0000000086000000, 0x0000000086000000| Complete 
|  97|0x0000000086100000, 0x0000000086200000, 0x0000000086200000|100%| E|CS|TAMS 0x0000000086100000, 0x0000000086100000| Complete 
|  98|0x0000000086200000, 0x0000000086300000, 0x0000000086300000|100%| E|CS|TAMS 0x0000000086200000, 0x0000000086200000| Complete 
|  99|0x0000000086300000, 0x0000000086400000, 0x0000000086400000|100%| E|CS|TAMS 0x0000000086300000, 0x0000000086300000| Complete 
| 100|0x0000000086400000, 0x0000000086500000, 0x0000000086500000|100%| E|CS|TAMS 0x0000000086400000, 0x0000000086400000| Complete 
| 101|0x0000000086500000, 0x0000000086600000, 0x0000000086600000|100%| E|CS|TAMS 0x0000000086500000, 0x0000000086500000| Complete 
| 102|0x0000000086600000, 0x0000000086700000, 0x0000000086700000|100%| E|CS|TAMS 0x0000000086600000, 0x0000000086600000| Complete 
| 103|0x0000000086700000, 0x00000000867bc818, 0x0000000086800000| 73%| S|CS|TAMS 0x0000000086700000, 0x0000000086700000| Complete 
| 104|0x0000000086800000, 0x0000000086900000, 0x0000000086900000|100%| S|CS|TAMS 0x0000000086800000, 0x0000000086800000| Complete 
| 105|0x0000000086900000, 0x0000000086a00000, 0x0000000086a00000|100%| S|CS|TAMS 0x0000000086900000, 0x0000000086900000| Complete 
| 106|0x0000000086a00000, 0x0000000086b00000, 0x0000000086b00000|100%| S|CS|TAMS 0x0000000086a00000, 0x0000000086a00000| Complete 
| 107|0x0000000086b00000, 0x0000000086c00000, 0x0000000086c00000|100%| S|CS|TAMS 0x0000000086b00000, 0x0000000086b00000| Complete 
| 108|0x0000000086c00000, 0x0000000086d00000, 0x0000000086d00000|100%| E|CS|TAMS 0x0000000086c00000, 0x0000000086c00000| Complete 
| 109|0x0000000086d00000, 0x0000000086e00000, 0x0000000086e00000|100%| E|CS|TAMS 0x0000000086d00000, 0x0000000086d00000| Complete 
| 110|0x0000000086e00000, 0x0000000086f00000, 0x0000000086f00000|100%| E|CS|TAMS 0x0000000086e00000, 0x0000000086e00000| Complete 
| 111|0x0000000086f00000, 0x0000000087000000, 0x0000000087000000|100%| E|CS|TAMS 0x0000000086f00000, 0x0000000086f00000| Complete 
| 112|0x0000000087000000, 0x0000000087100000, 0x0000000087100000|100%| E|CS|TAMS 0x0000000087000000, 0x0000000087000000| Complete 
| 113|0x0000000087100000, 0x0000000087200000, 0x0000000087200000|100%| E|CS|TAMS 0x0000000087100000, 0x0000000087100000| Complete 
| 114|0x0000000087200000, 0x0000000087300000, 0x0000000087300000|100%| E|CS|TAMS 0x0000000087200000, 0x0000000087200000| Complete 
| 115|0x0000000087300000, 0x0000000087400000, 0x0000000087400000|100%| E|CS|TAMS 0x0000000087300000, 0x0000000087300000| Complete 
| 116|0x0000000087400000, 0x0000000087500000, 0x0000000087500000|100%| E|CS|TAMS 0x0000000087400000, 0x0000000087400000| Complete 
| 117|0x0000000087500000, 0x0000000087600000, 0x0000000087600000|100%| E|CS|TAMS 0x0000000087500000, 0x0000000087500000| Complete 
| 118|0x0000000087600000, 0x0000000087700000, 0x0000000087700000|100%| E|CS|TAMS 0x0000000087600000, 0x0000000087600000| Complete 
| 119|0x0000000087700000, 0x0000000087800000, 0x0000000087800000|100%| E|CS|TAMS 0x0000000087700000, 0x0000000087700000| Complete 
| 120|0x0000000087800000, 0x0000000087900000, 0x0000000087900000|100%| E|CS|TAMS 0x0000000087800000, 0x0000000087800000| Complete 
| 121|0x0000000087900000, 0x0000000087a00000, 0x0000000087a00000|100%| E|CS|TAMS 0x0000000087900000, 0x0000000087900000| Complete 
| 122|0x0000000087a00000, 0x0000000087b00000, 0x0000000087b00000|100%| E|CS|TAMS 0x0000000087a00000, 0x0000000087a00000| Complete 
| 123|0x0000000087b00000, 0x0000000087c00000, 0x0000000087c00000|100%| E|CS|TAMS 0x0000000087b00000, 0x0000000087b00000| Complete 
| 124|0x0000000087c00000, 0x0000000087d00000, 0x0000000087d00000|100%| E|CS|TAMS 0x0000000087c00000, 0x0000000087c00000| Complete 
| 125|0x0000000087d00000, 0x0000000087e00000, 0x0000000087e00000|100%| E|CS|TAMS 0x0000000087d00000, 0x0000000087d00000| Complete 
| 126|0x0000000087e00000, 0x0000000087f00000, 0x0000000087f00000|100%| E|CS|TAMS 0x0000000087e00000, 0x0000000087e00000| Complete 
| 127|0x0000000087f00000, 0x0000000088000000, 0x0000000088000000|100%| E|CS|TAMS 0x0000000087f00000, 0x0000000087f00000| Complete 

Card table byte_map: [0x0000000015980000,0x0000000015d80000] _byte_map_base: 0x0000000015580000

Marking Bits (Prev, Next): (CMBitMap*) 0x0000000000407870, (CMBitMap*) 0x0000000000407838
 Prev Bits: [0x0000000018180000, 0x000000001a180000)
 Next Bits: [0x0000000016180000, 0x0000000018180000)

Polling page: 0x00000000000b0000

Metaspace:

Usage:
  Non-class:     21.88 MB capacity,    21.47 MB ( 98%) used,   365.01 KB (  2%) free+waste,    49.31 KB ( <1%) overhead. 
      Class:      3.42 MB capacity,     3.21 MB ( 94%) used,   186.51 KB (  5%) free+waste,    24.94 KB ( <1%) overhead. 
       Both:     25.30 MB capacity,    24.69 MB ( 98%) used,   551.52 KB (  2%) free+waste,    74.25 KB ( <1%) overhead. 

Virtual space:
  Non-class space:       22.00 MB reserved,      22.00 MB (100%) committed 
      Class space:        1.00 GB reserved,       3.50 MB ( <1%) committed 
             Both:        1.02 GB reserved,      25.50 MB (  2%) committed 

Chunk freelists:
   Non-Class:  60.00 KB
       Class:  19.00 KB
        Both:  79.00 KB

MaxMetaspaceSize: 17179869184.00 GB
CompressedClassSpaceSize: 1.00 GB

CodeHeap 'non-profiled nmethods': size=120064Kb used=1124Kb max_used=1124Kb free=118939Kb
 bounds [0x000000000dd10000, 0x000000000df80000, 0x0000000015250000]
CodeHeap 'profiled nmethods': size=120000Kb used=4441Kb max_used=4441Kb free=115558Kb
 bounds [0x00000000067e0000, 0x0000000006c40000, 0x000000000dd10000]
CodeHeap 'non-nmethods': size=5696Kb used=1149Kb max_used=1182Kb free=4546Kb
 bounds [0x0000000006250000, 0x00000000064c0000, 0x00000000067e0000]
 total_blobs=2668 nmethods=2169 adapters=410
 compilation: enabled
              stopped_count=0, restarted_count=0
 full_count=0

Compilation events (20 events):
Event: 8.354 Thread 0x000000005d66a000 2178       3       java.util.concurrent.locks.ReentrantLock::<init> (16 bytes)
Event: 8.354 Thread 0x000000005d66a000 nmethod 2178 0x0000000006c33690 code [0x0000000006c33880, 0x0000000006c33c78]
Event: 8.357 Thread 0x000000005d66a000 2179       3       com.google.common.collect.RegularImmutableList::get (16 bytes)
Event: 8.357 Thread 0x000000005d66a000 nmethod 2179 0x0000000006c33e10 code [0x0000000006c34000, 0x0000000006c34378]
Event: 8.357 Thread 0x000000005d66a000 2180       3       java.util.Collections$UnmodifiableCollection::size (10 bytes)
Event: 8.358 Thread 0x000000005d66a000 nmethod 2180 0x0000000006c34590 code [0x0000000006c34740, 0x0000000006c34908]
Event: 8.358 Thread 0x000000005d66a000 2181       3       java.util.Collections$UnmodifiableList::get (11 bytes)
Event: 8.358 Thread 0x000000005d668000 nmethod 2175 0x000000000de27890 code [0x000000000de27a40, 0x000000000de27ed8]
Event: 8.359 Thread 0x000000005d66a000 nmethod 2181 0x0000000006c34a10 code [0x0000000006c34bc0, 0x0000000006c34d88]
Event: 8.359 Thread 0x000000005d668000 2182       4       java.util.ArrayList::newCapacity (65 bytes)
Event: 8.359 Thread 0x000000005d66a000 2183       1       org.gradle.api.internal.file.pattern.EndOfPathMatcher::getMaxSegments (2 bytes)
Event: 8.359 Thread 0x000000005d66a000 nmethod 2183 0x000000000de28110 code [0x000000000de282c0, 0x000000000de28378]
Event: 8.359 Thread 0x000000005d66a000 2184       3       org.gradle.api.internal.file.pattern.PatternMatcherFactory::compile (117 bytes)
Event: 8.360 Thread 0x000000005d668000 nmethod 2182 0x000000000de28410 code [0x000000000de285a0, 0x000000000de28678]
Event: 8.360 Thread 0x000000005d66a000 nmethod 2184 0x0000000006c34e90 code [0x0000000006c35140, 0x0000000006c35db8]
Event: 8.373 Thread 0x000000005d66a000 2185       3       java.util.concurrent.locks.LockSupport::parkNanos (29 bytes)
Event: 8.373 Thread 0x000000005d66a000 nmethod 2185 0x0000000006c36110 code [0x0000000006c362e0, 0x0000000006c36608]
Event: 8.375 Thread 0x0000000061d1c000 nmethod 2176 0x000000000de28790 code [0x000000000de28940, 0x000000000de28fd8]
Event: 8.380 Thread 0x000000005d668000 2186       4       java.net.URLClassLoader$1::run (5 bytes)
Event: 8.380 Thread 0x0000000061d1c000 2187   !   4       java.net.URLClassLoader$1::run (63 bytes)

GC Heap History (10 events):
Event: 1.138 GC heap before
{Heap before GC invocations=0 (full 0):
 garbage-first heap   total 131072K, used 19456K [0x0000000080000000, 0x0000000100000000)
  region size 1024K, 14 young (14336K), 0 survivors (0K)
 Metaspace       used 6702K, capacity 6925K, committed 7168K, reserved 1056768K
  class space    used 584K, capacity 650K, committed 768K, reserved 1048576K
}
Event: 1.162 GC heap after
{Heap after GC invocations=1 (full 0):
 garbage-first heap   total 131072K, used 7868K [0x0000000080000000, 0x0000000100000000)
  region size 1024K, 2 young (2048K), 2 survivors (2048K)
 Metaspace       used 6702K, capacity 6925K, committed 7168K, reserved 1056768K
  class space    used 584K, capacity 650K, committed 768K, reserved 1048576K
}
Event: 1.758 GC heap before
{Heap before GC invocations=1 (full 0):
 garbage-first heap   total 131072K, used 19132K [0x0000000080000000, 0x0000000100000000)
  region size 1024K, 13 young (13312K), 2 survivors (2048K)
 Metaspace       used 10106K, capacity 10361K, committed 10624K, reserved 1058816K
  class space    used 1064K, capacity 1139K, committed 1152K, reserved 1048576K
}
Event: 1.798 GC heap after
{Heap after GC invocations=2 (full 0):
 garbage-first heap   total 131072K, used 9611K [0x0000000080000000, 0x0000000100000000)
  region size 1024K, 2 young (2048K), 2 survivors (2048K)
 Metaspace       used 10106K, capacity 10361K, committed 10624K, reserved 1058816K
  class space    used 1064K, capacity 1139K, committed 1152K, reserved 1048576K
}
Event: 2.660 GC heap before
{Heap before GC invocations=2 (full 0):
 garbage-first heap   total 131072K, used 36235K [0x0000000080000000, 0x0000000100000000)
  region size 1024K, 28 young (28672K), 2 survivors (2048K)
 Metaspace       used 11034K, capacity 11250K, committed 11520K, reserved 1058816K
  class space    used 1166K, capacity 1243K, committed 1280K, reserved 1048576K
}
Event: 2.664 GC heap after
{Heap after GC invocations=3 (full 0):
 garbage-first heap   total 131072K, used 12453K [0x0000000080000000, 0x0000000100000000)
  region size 1024K, 4 young (4096K), 4 survivors (4096K)
 Metaspace       used 11034K, capacity 11250K, committed 11520K, reserved 1058816K
  class space    used 1166K, capacity 1243K, committed 1280K, reserved 1048576K
}
Event: 6.547 GC heap before
{Heap before GC invocations=3 (full 0):
 garbage-first heap   total 131072K, used 60581K [0x0000000080000000, 0x0000000100000000)
  region size 1024K, 51 young (52224K), 4 survivors (4096K)
 Metaspace       used 18159K, capacity 18612K, committed 18816K, reserved 1064960K
  class space    used 2174K, capacity 2316K, committed 2432K, reserved 1048576K
}
Event: 6.562 GC heap after
{Heap after GC invocations=4 (full 0):
 garbage-first heap   total 131072K, used 16821K [0x0000000080000000, 0x0000000100000000)
  region size 1024K, 7 young (7168K), 7 survivors (7168K)
 Metaspace       used 18159K, capacity 18612K, committed 18816K, reserved 1064960K
  class space    used 2174K, capacity 2316K, committed 2432K, reserved 1048576K
}
Event: 7.046 GC heap before
{Heap before GC invocations=4 (full 0):
 garbage-first heap   total 131072K, used 36277K [0x0000000080000000, 0x0000000100000000)
  region size 1024K, 27 young (27648K), 7 survivors (7168K)
 Metaspace       used 20565K, capacity 21092K, committed 21248K, reserved 1067008K
  class space    used 2514K, capacity 2701K, committed 2816K, reserved 1048576K
}
Event: 7.056 GC heap after
{Heap after GC invocations=5 (full 0):
 garbage-first heap   total 131072K, used 17484K [0x0000000080000000, 0x0000000100000000)
  region size 1024K, 5 young (5120K), 5 survivors (5120K)
 Metaspace       used 20565K, capacity 21092K, committed 21248K, reserved 1067008K
  class space    used 2514K, capacity 2701K, committed 2816K, reserved 1048576K
}

Deoptimization events (20 events):
Event: 7.524 Thread 0x0000000060281800 Uncommon trap: trap_request=0xffffffc6 fr.pc=0x000000000dde7094 relative=0x0000000000000f54
Event: 7.524 Thread 0x0000000060281800 Uncommon trap: reason=bimorphic_or_optimized_type_check action=maybe_recompile pc=0x000000000dde7094 method=java.util.HashMap.putVal(ILjava/lang/Object;Ljava/lang/Object;ZZ)Ljava/lang/Object; @ 203 c2
Event: 7.524 Thread 0x0000000060281800 DEOPT PACKING pc=0x000000000dde7094 sp=0x000000006376ceb0
Event: 7.524 Thread 0x0000000060281800 DEOPT UNPACKING pc=0x00000000062776af sp=0x000000006376cdf8 mode 2
Event: 7.545 Thread 0x0000000060281800 Uncommon trap: trap_request=0xffffff4d fr.pc=0x000000000ddd1f44 relative=0x0000000000000084
Event: 7.545 Thread 0x0000000060281800 Uncommon trap: reason=unstable_if action=reinterpret pc=0x000000000ddd1f44 method=java.util.LinkedHashMap.afterNodeInsertion(Z)V @ 1 c2
Event: 7.545 Thread 0x0000000060281800 DEOPT PACKING pc=0x000000000ddd1f44 sp=0x000000006376cb40
Event: 7.545 Thread 0x0000000060281800 DEOPT UNPACKING pc=0x00000000062776af sp=0x000000006376cac0 mode 2
Event: 7.549 Thread 0x0000000060281800 Uncommon trap: trap_request=0xffffff4d fr.pc=0x000000000ddc4c6c relative=0x000000000000022c
Event: 7.549 Thread 0x0000000060281800 Uncommon trap: reason=unstable_if action=reinterpret pc=0x000000000ddc4c6c method=java.util.concurrent.ConcurrentHashMap.get(Ljava/lang/Object;)Ljava/lang/Object; @ 76 c2
Event: 7.549 Thread 0x0000000060281800 DEOPT PACKING pc=0x000000000ddc4c6c sp=0x000000006376ac70
Event: 7.549 Thread 0x0000000060281800 DEOPT UNPACKING pc=0x00000000062776af sp=0x000000006376abd8 mode 2
Event: 8.032 Thread 0x0000000060281800 Uncommon trap: trap_request=0xffffffcc fr.pc=0x000000000de16e88 relative=0x0000000000000348
Event: 8.032 Thread 0x0000000060281800 Uncommon trap: reason=intrinsic_or_type_checked_inlining action=make_not_entrant pc=0x000000000de16e88 method=java.util.Arrays.copyOf([Ljava/lang/Object;ILjava/lang/Class;)[Ljava/lang/Object; @ 35 c2
Event: 8.032 Thread 0x0000000060281800 DEOPT PACKING pc=0x000000000de16e88 sp=0x000000006376b220
Event: 8.032 Thread 0x0000000060281800 DEOPT UNPACKING pc=0x00000000062776af sp=0x000000006376b1b0 mode 2
Event: 8.347 Thread 0x0000000060281800 Uncommon trap: trap_request=0xffffff7e fr.pc=0x000000000de17a0c relative=0x000000000000034c
Event: 8.347 Thread 0x0000000060281800 Uncommon trap: reason=predicate action=maybe_recompile pc=0x000000000de17a0c method=com.google.common.base.CharMatcher.indexIn(Ljava/lang/CharSequence;I)I @ 19 c2
Event: 8.347 Thread 0x0000000060281800 DEOPT PACKING pc=0x000000000de17a0c sp=0x000000006376bc40
Event: 8.347 Thread 0x0000000060281800 DEOPT UNPACKING pc=0x00000000062776af sp=0x000000006376bbc0 mode 2

Classes redefined (0 events):
No events

Internal exceptions (20 events):
Event: 6.293 Thread 0x0000000060281800 Exception <a 'java/lang/NoSuchMethodError'{0x00000000856f8ce0}: 'void java.lang.invoke.DelegatingMethodHandle$Holder.reinvoke_L(java.lang.Object, java.lang.Object, java.lang.Object, java.lang.Object, java.lang.Object, java.lang.Object, java.lang.Object)'> (0x00000000856f8ce0) thrown at [./src/hotspot/share/interpreter/linkResolver.cpp, line 773]
Event: 6.727 Thread 0x0000000060281800 Exception <a 'java/lang/NoSuchMethodError'{0x000000008785e858}: 'java.lang.Object java.lang.invoke.DirectMethodHandle$Holder.invokeVirtual(java.lang.Object, java.lang.Object, java.lang.Object)'> (0x000000008785e858) thrown at [./src/hotspot/share/interpreter/linkResolver.cpp, line 773]
Event: 6.798 Thread 0x0000000060281800 Exception <a 'java/lang/NoSuchMethodError'{0x000000008742ced8}: 'void java.lang.invoke.DirectMethodHandle$Holder.invokeInterface(java.lang.Object, java.lang.Object)'> (0x000000008742ced8) thrown at [./src/hotspot/share/interpreter/linkResolver.cpp, line 773]
Event: 6.798 Thread 0x0000000060281800 Exception <a 'java/lang/IncompatibleClassChangeError'{0x0000000087430088}: Found class java.lang.Object, but interface was expected> (0x0000000087430088) thrown at [./src/hotspot/share/interpreter/linkResolver.cpp, line 839]
Event: 6.836 Thread 0x0000000060281800 Exception <a 'java/lang/NoSuchMethodError'{0x00000000873a6060}: 'void java.lang.invoke.DirectMethodHandle$Holder.invokeStaticInit(java.lang.Object)'> (0x00000000873a6060) thrown at [./src/hotspot/share/interpreter/linkResolver.cpp, line 773]
Event: 6.921 Thread 0x0000000060281800 Exception <a 'java/lang/NoSuchMethodError'{0x0000000087019fa0}: 'java.lang.Object java.lang.invoke.DirectMethodHandle$Holder.invokeStatic(java.lang.Object, java.lang.Object, java.lang.Object, int)'> (0x0000000087019fa0) thrown at [./src/hotspot/share/interpreter/linkResolver.cpp, line 773]
Event: 6.921 Thread 0x0000000060281800 Exception <a 'java/lang/NoSuchMethodError'{0x000000008701e168}: 'java.lang.Object java.lang.invoke.DirectMethodHandle$Holder.invokeSpecial(java.lang.Object, java.lang.Object, java.lang.Object, java.lang.Object, int)'> (0x000000008701e168) thrown at [./src/hotspot/share/interpreter/linkResolver.cpp, line 773]
Event: 6.922 Thread 0x0000000060281800 Exception <a 'java/lang/NoSuchMethodError'{0x0000000087021b50}: 'java.lang.Object java.lang.invoke.Invokers$Holder.linkToTargetMethod(java.lang.Object, java.lang.Object, int, java.lang.Object)'> (0x0000000087021b50) thrown at [./src/hotspot/share/interpreter/linkResolver.cpp, line 773]
Event: 7.114 Thread 0x0000000060281800 Exception <a 'java/lang/NoSuchMethodError'{0x0000000087fdeba8}: 'int java.lang.invoke.DirectMethodHandle$Holder.invokeSpecialIFC(java.lang.Object, java.lang.Object, java.lang.Object, java.lang.Object)'> (0x0000000087fdeba8) thrown at [./src/hotspot/share/interpreter/linkResolver.cpp, line 773]
Event: 7.117 Thread 0x0000000060281800 Exception <a 'java/lang/NoSuchMethodError'{0x0000000087fec968}: 'java.lang.Object java.lang.invoke.DirectMethodHandle$Holder.invokeInterface(java.lang.Object, java.lang.Object, java.lang.Object)'> (0x0000000087fec968) thrown at [./src/hotspot/share/interpreter/linkResolver.cpp, line 773]
Event: 7.118 Thread 0x0000000060281800 Exception <a 'java/lang/IncompatibleClassChangeError'{0x0000000087fefe40}: Found class java.lang.Object, but interface was expected> (0x0000000087fefe40) thrown at [./src/hotspot/share/interpreter/linkResolver.cpp, line 839]
Event: 7.135 Thread 0x0000000060281800 Exception <a 'java/lang/NoSuchMethodError'{0x0000000087ea5c68}: 'void java.lang.invoke.DirectMethodHandle$Holder.invokeStatic(java.lang.Object, java.lang.Object, java.lang.Object, java.lang.Object, java.lang.Object)'> (0x0000000087ea5c68) thrown at [./src/hotspot/share/interpreter/linkResolver.cpp, line 773]
Event: 7.244 Thread 0x0000000060281800 Exception <a 'java/lang/NoSuchMethodError'{0x0000000087920c68}: 'void java.lang.invoke.DirectMethodHandle$Holder.invokeSpecial(java.lang.Object, java.lang.Object)'> (0x0000000087920c68) thrown at [./src/hotspot/share/interpreter/linkResolver.cpp, line 773]
Event: 7.304 Thread 0x0000000060281800 Exception <a 'java/lang/NoSuchMethodError'{0x0000000087753b48}: 'java.lang.Object java.lang.invoke.DirectMethodHandle$Holder.invokeSpecial(java.lang.Object, java.lang.Object, java.lang.Object, java.lang.Object, java.lang.Object, java.lang.Object, java.lang.Object, java.lang.Object, java.lang.Object)'> (0x0000000087753b48) thrown at [./src/hotspot/share/interpreter/linkResolver.cpp, line 773]
Event: 7.443 Thread 0x0000000060281800 Exception <a 'java/lang/NoSuchMethodError'{0x0000000086ef0b10}: 'java.lang.Object java.lang.invoke.DirectMethodHandle$Holder.invokeVirtual(java.lang.Object, java.lang.Object, java.lang.Object, java.lang.Object)'> (0x0000000086ef0b10) thrown at [./src/hotspot/share/interpreter/linkResolver.cpp, line 773]
Event: 7.480 Thread 0x0000000060281800 Exception <a 'java/lang/NoSuchMethodError'{0x00000000866b9550}: 'java.lang.Object java.lang.invoke.Invokers$Holder.invoker(java.lang.Object, java.lang.Object, java.lang.Object, java.lang.Object, java.lang.Object)'> (0x00000000866b9550) thrown at [./src/hotspot/share/interpreter/linkResolver.cpp, line 773]
Event: 7.612 Thread 0x0000000060281800 Exception <a 'java/lang/NoSuchMethodError'{0x00000000861068a8}: 'void java.lang.invoke.DirectMethodHandle$Holder.invokeSpecial(java.lang.Object, java.lang.Object, java.lang.Object, java.lang.Object, java.lang.Object, java.lang.Object)'> (0x00000000861068a8) thrown at [./src/hotspot/share/interpreter/linkResolver.cpp, line 773]
Event: 7.629 Thread 0x0000000060281800 Exception <a 'java/lang/NoSuchMethodError'{0x000000008616c0c8}: 'void java.lang.invoke.DirectMethodHandle$Holder.invokeSpecial(java.lang.Object, java.lang.Object, java.lang.Object, java.lang.Object, java.lang.Object, java.lang.Object, java.lang.Object)'> (0x000000008616c0c8) thrown at [./src/hotspot/share/interpreter/linkResolver.cpp, line 773]
Event: 7.630 Thread 0x0000000060281800 Exception <a 'java/lang/NoSuchMethodError'{0x0000000086174310}: 'java.lang.Object java.lang.invoke.Invokers$Holder.linkToTargetMethod(java.lang.Object, java.lang.Object, java.lang.Object, java.lang.Object, java.lang.Object, java.lang.Object)'> (0x0000000086174310) thrown at [./src/hotspot/share/interpreter/linkResolver.cpp, line 773]
Event: 8.083 Thread 0x0000000060281800 Exception <a 'java/lang/NoSuchMethodError'{0x00000000854e8a58}: 'void java.lang.invoke.DirectMethodHandle$Holder.invokeStaticInit(java.lang.Object, java.lang.Object)'> (0x00000000854e8a58) thrown at [./src/hotspot/share/interpreter/linkResolver.cpp, line 773]

Events (20 events):
Event: 8.372 loading class org/gradle/configuration/internal/ExecuteListenerBuildOperationType$Details
Event: 8.372 loading class org/gradle/configuration/internal/ExecuteListenerBuildOperationType$Details done
Event: 8.372 loading class org/gradle/api/internal/ExecuteDomainObjectCollectionCallbackBuildOperationType$Details
Event: 8.372 loading class org/gradle/api/internal/ExecuteDomainObjectCollectionCallbackBuildOperationType$Details done
Event: 8.372 loading class org/gradle/api/internal/tasks/RealizeTaskBuildOperationType$Details
Event: 8.372 loading class org/gradle/api/internal/tasks/RealizeTaskBuildOperationType$Details done
Event: 8.375 loading class org/gradle/api/internal/tasks/RegisterTaskBuildOperationType$Details
Event: 8.375 loading class org/gradle/api/internal/tasks/RegisterTaskBuildOperationType$Details done
Event: 8.376 loading class org/gradle/internal/operations/notify/BuildOperationNotificationBridge$Started
Event: 8.376 loading class org/gradle/internal/operations/notify/BuildOperationNotificationBridge$Started done
Event: 8.377 loading class org/gradle/internal/operations/BuildOperationCategory
Event: 8.377 loading class org/gradle/internal/operations/BuildOperationCategory done
Event: 8.377 loading class org/gradle/internal/logging/progress/DefaultProgressLoggerFactory$ProgressLoggerImpl
Event: 8.377 loading class org/gradle/internal/logging/progress/DefaultProgressLoggerFactory$ProgressLoggerImpl done
Event: 8.378 loading class org/gradle/internal/logging/progress/DefaultProgressLoggerFactory$State
Event: 8.378 loading class org/gradle/internal/logging/progress/DefaultProgressLoggerFactory$State done
Event: 8.379 loading class org/gradle/internal/logging/sink/ProgressLogEventGenerator$Operation
Event: 8.379 loading class org/gradle/internal/logging/sink/ProgressLogEventGenerator$Operation done
Event: 8.380 loading class org/gradle/internal/logging/sink/ProgressLogEventGenerator$State
Event: 8.380 loading class org/gradle/internal/logging/sink/ProgressLogEventGenerator$State done


Dynamic libraries:
0x000000013fe90000 - 0x000000013fe9a000 	D:\program files\android\android studio\jre\bin\java.exe
0x0000000077800000 - 0x000000007799f000 	C:\Windows\SYSTEM32\ntdll.dll
0x00000000775e0000 - 0x00000000776ff000 	C:\Windows\system32\kernel32.dll
0x000007fefd7f0000 - 0x000007fefd85a000 	C:\Windows\system32\KERNELBASE.dll
0x000007fee20c0000 - 0x000007fee20d9000 	D:\program files\android\android studio\jre\bin\jli.dll
0x000007fefbc90000 - 0x000007fefbe85000 	C:\Windows\WinSxS\amd64_microsoft.windows.common-controls_6595b64144ccf1df_6.0.7601.24380_none_e3731d0b30fb6b11\COMCTL32.dll
0x000007fefde60000 - 0x000007fefdeff000 	C:\Windows\system32\msvcrt.dll
0x000007feff200000 - 0x000007feff267000 	C:\Windows\system32\GDI32.dll
0x0000000077700000 - 0x00000000777fa000 	C:\Windows\system32\USER32.dll
0x000007fefec90000 - 0x000007fefec9e000 	C:\Windows\system32\LPK.dll
0x000007fefda90000 - 0x000007fefdb5b000 	C:\Windows\system32\USP10.dll
0x000007fefdb60000 - 0x000007fefdbd1000 	C:\Windows\system32\SHLWAPI.dll
0x000007fee20a0000 - 0x000007fee20b7000 	D:\program files\android\android studio\jre\bin\VCRUNTIME140.dll
0x000007fef4610000 - 0x000007fef4614000 	C:\Windows\system32\api-ms-win-crt-runtime-l1-1-0.dll
0x000007fef44e0000 - 0x000007fef45d4000 	C:\Windows\system32\ucrtbase.DLL
0x000007fef44d0000 - 0x000007fef44d3000 	C:\Windows\system32\api-ms-win-core-timezone-l1-1-0.dll
0x000007fef44c0000 - 0x000007fef44c3000 	C:\Windows\system32\api-ms-win-core-file-l2-1-0.dll
0x000007fef44b0000 - 0x000007fef44b3000 	C:\Windows\system32\api-ms-win-core-localization-l1-2-0.dll
0x000007fefc620000 - 0x000007fefc623000 	C:\Windows\system32\api-ms-win-core-synch-l1-2-0.dll
0x000007fef44a0000 - 0x000007fef44a3000 	C:\Windows\system32\api-ms-win-core-processthreads-l1-1-1.dll
0x000007fef4490000 - 0x000007fef4493000 	C:\Windows\system32\api-ms-win-core-file-l1-2-0.dll
0x000007fef4470000 - 0x000007fef4474000 	C:\Windows\system32\api-ms-win-crt-string-l1-1-0.dll
0x000007fef4480000 - 0x000007fef4483000 	C:\Windows\system32\api-ms-win-crt-heap-l1-1-0.dll
0x000007fef4460000 - 0x000007fef4464000 	C:\Windows\system32\api-ms-win-crt-stdio-l1-1-0.dll
0x000007fef4450000 - 0x000007fef4454000 	C:\Windows\system32\api-ms-win-crt-convert-l1-1-0.dll
0x000007fef3da0000 - 0x000007fef3da3000 	C:\Windows\system32\api-ms-win-crt-environment-l1-1-0.dll
0x000007fef3e70000 - 0x000007fef3e73000 	C:\Windows\system32\api-ms-win-crt-filesystem-l1-1-0.dll
0x000007fef3e90000 - 0x000007fef3e95000 	C:\Windows\system32\api-ms-win-crt-math-l1-1-0.dll
0x000007fef3db0000 - 0x000007fef3db3000 	C:\Windows\system32\api-ms-win-crt-locale-l1-1-0.dll
0x000007feff150000 - 0x000007feff17e000 	C:\Windows\system32\IMM32.DLL
0x000007feff5b0000 - 0x000007feff6b9000 	C:\Windows\system32\MSCTF.dll
0x000007fefd570000 - 0x000007fefd5a0000 	C:\Windows\system32\nvinitx.dll
0x000007fefd560000 - 0x000007fefd56c000 	C:\Windows\system32\VERSION.dll
0x000007feff2d0000 - 0x000007feff3ab000 	C:\Windows\system32\ADVAPI32.dll
0x000007feff3b0000 - 0x000007feff3cf000 	C:\Windows\SYSTEM32\sechost.dll
0x000007feff9a0000 - 0x000007feffacc000 	C:\Windows\system32\RPCRT4.dll
0x00000000751f0000 - 0x00000000751f6000 	C:\Program Files\NVIDIA Corporation\CoProcManager\detoured.dll
0x000007fefac10000 - 0x000007fefac48000 	C:\Program Files\NVIDIA Corporation\CoProcManager\nvd3d9wrapx.dll
0x000007feff3d0000 - 0x000007feff5a7000 	C:\Windows\system32\SETUPAPI.dll
0x000007fefd990000 - 0x000007fefd9c6000 	C:\Windows\system32\CFGMGR32.dll
0x000007feff8c0000 - 0x000007feff99a000 	C:\Windows\system32\OLEAUT32.dll
0x000007feff6c0000 - 0x000007feff8bf000 	C:\Windows\system32\ole32.dll
0x000007fefd650000 - 0x000007fefd66a000 	C:\Windows\system32\DEVOBJ.dll
0x000007fefabd0000 - 0x000007fefabf4000 	C:\Program Files\NVIDIA Corporation\CoProcManager\nvdxgiwrapx.dll
0x000007fecb140000 - 0x000007fecb1dd000 	D:\program files\android\android studio\jre\bin\msvcp140.dll
0x000007fef3e60000 - 0x000007fef3e65000 	C:\Windows\system32\api-ms-win-crt-multibyte-l1-1-0.dll
0x000007fef3e80000 - 0x000007fef3e83000 	C:\Windows\system32\api-ms-win-crt-time-l1-1-0.dll
0x000007fef3ea0000 - 0x000007fef3ea3000 	C:\Windows\system32\api-ms-win-crt-utility-l1-1-0.dll
0x000007febc550000 - 0x000007febd01f000 	D:\program files\android\android studio\jre\bin\server\jvm.dll
0x000007fef1a90000 - 0x000007fef1a99000 	C:\Windows\system32\WSOCK32.dll
0x000007fefdbe0000 - 0x000007fefdc2d000 	C:\Windows\system32\WS2_32.dll
0x000007fefeeb0000 - 0x000007fefeeb8000 	C:\Windows\system32\NSI.dll
0x000007fefa290000 - 0x000007fefa2cb000 	C:\Windows\system32\WINMM.dll
0x00000000779a0000 - 0x00000000779a7000 	C:\Windows\system32\PSAPI.DLL
0x000007fef63e0000 - 0x000007fef63f1000 	D:\program files\android\android studio\jre\bin\verify.dll
0x000007fef7640000 - 0x000007fef7765000 	C:\Windows\system32\DBGHELP.DLL
0x000007fee6060000 - 0x000007fee6089000 	D:\program files\android\android studio\jre\bin\java.dll
0x000007fef4bf0000 - 0x000007fef4bfb000 	D:\program files\android\android studio\jre\bin\jimage.dll
0x000007fee6040000 - 0x000007fee6058000 	D:\program files\android\android studio\jre\bin\zip.dll
0x000007fefdf00000 - 0x000007fefec8a000 	C:\Windows\system32\SHELL32.dll
0x000007fefd640000 - 0x000007fefd64f000 	C:\Windows\system32\profapi.dll
0x000007fee6020000 - 0x000007fee603a000 	D:\program files\android\android studio\jre\bin\net.dll
0x000007fef6f70000 - 0x000007fef6fe1000 	C:\Windows\system32\WINHTTP.dll
0x000007fef6f00000 - 0x000007fef6f65000 	C:\Windows\system32\webio.dll
0x000007fefcd70000 - 0x000007fefcdc5000 	C:\Windows\system32\mswsock.dll
0x000007fefcd60000 - 0x000007fefcd67000 	C:\Windows\System32\wship6.dll
0x000007fee4e10000 - 0x000007fee4e24000 	D:\program files\android\android studio\jre\bin\nio.dll
0x000007fed0fc0000 - 0x000007fed0fe7000 	C:\Users\user\.gradle\native\8bec1ad78214c89d9ad589b4d07fe93259594b29d510b10fafb7a158f7737e5d\windows-amd64\native-platform.dll
0x000007fecb640000 - 0x000007fecb77d000 	C:\Users\user\.gradle\native\53dbd7edfb1c66fb8903c78663c9afc45aea4f116125fa6feffd364cf09443e8\windows-amd64\native-platform-file-events.dll
0x000007fef4bc0000 - 0x000007fef4bca000 	D:\program files\android\android studio\jre\bin\management.dll
0x000007fee6010000 - 0x000007fee601c000 	D:\program files\android\android studio\jre\bin\management_ext.dll
0x000007fefcdd0000 - 0x000007fefcde8000 	C:\Windows\system32\CRYPTSP.dll
0x000007fefcad0000 - 0x000007fefcb17000 	C:\Windows\system32\rsaenh.dll
0x000007fefd860000 - 0x000007fefd87e000 	C:\Windows\system32\USERENV.dll
0x000007fefd490000 - 0x000007fefd49f000 	C:\Windows\system32\CRYPTBASE.dll
0x000007fefa010000 - 0x000007fefa037000 	C:\Windows\system32\IPHLPAPI.DLL
0x000007fefa000000 - 0x000007fefa00b000 	C:\Windows\system32\WINNSI.DLL
0x000007fef7520000 - 0x000007fef7531000 	C:\Windows\system32\dhcpcsvc6.DLL
0x000007fef7540000 - 0x000007fef7558000 	C:\Windows\system32\dhcpcsvc.DLL

dbghelp: loaded successfully - version: 4.0.5 - missing functions: none
symbol engine: initialized successfully - sym options: 0x614 - pdb path: .;D:\program files\android\android studio\jre\bin;C:\Windows\SYSTEM32;C:\Windows\WinSxS\amd64_microsoft.windows.common-controls_6595b64144ccf1df_6.0.7601.24380_none_e3731d0b30fb6b11;C:\Program Files\NVIDIA Corporation\CoProcManager;D:\program files\android\android studio\jre\bin\server;C:\Users\user\.gradle\native\8bec1ad78214c89d9ad589b4d07fe93259594b29d510b10fafb7a158f7737e5d\windows-amd64;C:\Users\user\.gradle\native\53dbd7edfb1c66fb8903c78663c9afc45aea4f116125fa6feffd364cf09443e8\windows-amd64

VM Arguments:
jvm_args: --add-opens=java.base/java.util=ALL-UNNAMED --add-opens=java.base/java.lang=ALL-UNNAMED --add-opens=java.base/java.lang.invoke=ALL-UNNAMED --add-opens=java.base/java.util=ALL-UNNAMED --add-opens=java.prefs/java.util.prefs=ALL-UNNAMED --add-opens=java.prefs/java.util.prefs=ALL-UNNAMED --add-opens=java.base/java.nio.charset=ALL-UNNAMED --add-opens=java.base/java.net=ALL-UNNAMED --add-opens=java.base/java.util.concurrent.atomic=ALL-UNNAMED -Xmx2048m -Dfile.encoding=UTF-8 -Duser.country=RU -Duser.language=ru -Duser.variant 
java_command: org.gradle.launcher.daemon.bootstrap.GradleDaemon 7.0.2
java_class_path (initial): C:\Users\user\.gradle\wrapper\dists\gradle-7.0.2-bin\857tjihv64xamwrf0h14cai3r\gradle-7.0.2\lib\gradle-launcher-7.0.2.jar
Launcher Type: SUN_STANDARD

[Global flags]
     intx CICompilerCount                          = 3                                         {product} {ergonomic}
     uint ConcGCThreads                            = 1                                         {product} {ergonomic}
     uint G1ConcRefinementThreads                  = 4                                         {product} {ergonomic}
   size_t G1HeapRegionSize                         = 1048576                                   {product} {ergonomic}
    uintx GCDrainStackTargetSize                   = 64                                        {product} {ergonomic}
   size_t InitialHeapSize                          = 134217728                                 {product} {ergonomic}
   size_t MarkStackSize                            = 4194304                                   {product} {ergonomic}
   size_t MaxHeapSize                              = 2147483648                                {product} {command line}
   size_t MaxNewSize                               = 1287651328                                {product} {ergonomic}
   size_t MinHeapDeltaBytes                        = 1048576                                   {product} {ergonomic}
    uintx NonNMethodCodeHeapSize                   = 5830732                                {pd product} {ergonomic}
    uintx NonProfiledCodeHeapSize                  = 122913754                              {pd product} {ergonomic}
    uintx ProfiledCodeHeapSize                     = 122913754                              {pd product} {ergonomic}
    uintx ReservedCodeCacheSize                    = 251658240                              {pd product} {ergonomic}
     bool SegmentedCodeCache                       = true                                      {product} {ergonomic}
     bool UseCompressedClassPointers               = true                                 {lp64_product} {ergonomic}
     bool UseCompressedOops                        = true                                 {lp64_product} {ergonomic}
     bool UseG1GC                                  = true                                      {product} {ergonomic}
     bool UseLargePagesIndividualAllocation        = false                                  {pd product} {ergonomic}

Logging:
Log output configuration:
 #0: stdout all=warning uptime,level,tags
 #1: stderr all=off uptime,level,tags

Environment Variables:
JAVA_HOME=C:\Program Files\Java\jdk-17
PATH=C:\Program Files (x86)\Common Files\Intel\Shared Libraries\redist\intel64\compiler;C:\Program Files (x86)\Common Files\Intel\Shared Libraries\redist\ia32\compiler;C:\Program Files\ImageMagick-7.0.8-Q16;C:\Program Files\Common Files\Microsoft Shared\Windows Live;C:\Program Files (x86)\Common Files\Microsoft Shared\Windows Live;C:\ProgramData\Oracle\Java\javapath;C:\Windows\system32;C:\Windows;C:\Windows\System32\Wbem;C:\Windows\System32\WindowsPowerShell\v1.0\;C:\Program Files (x86)\Windows Live\Shared;C:\Users\user\AppData\Local\Smartbar\Application\;C:\adb;C:\Program Files\Calibre2\;C:\Program Files\Microsoft SQL Server\130\Tools\Binn\;C:\Program Files (x86)\Microsoft SQL Server\80\Tools\Binn\;C:\Program Files (x86)\NVIDIA Corporation\PhysX\Common;C:\Program Files\NVIDIA Corporation\NVIDIA NvDLISR;C:\Program Files\Git\cmd;D:\program files\matlab\runtime\win64;D:\program files\matlab\bin;D:\program files\matlab\polyspace\bin;C:\Program Files\PuTTY\;C:\Program Files\nodejs\;D:\program files\LLVM\bin;C:\Program Files\Java\jdk-17\bin;C:\python\Scripts\;C:\python\;C:\Users\user\AppData\Local\GitHubDesktop\bin;C:\Users\user\AppData\Roaming\npm;D:\program files\intelegeIDE\IntelliJ IDEA Community Edition 2021.2.3\bin;
USERNAME=user
OS=Windows_NT
PROCESSOR_IDENTIFIER=Intel64 Family 6 Model 42 Stepping 7, GenuineIntel



---------------  S Y S T E M  ---------------

OS: Windows 7 , 64 bit Build 7601 (6.1.7601.24387)
OS uptime: 4 days 1:38 hours

CPU:total 4 (initial active 4) (2 cores per cpu, 2 threads per core) family 6 model 42 stepping 7 microcode 0x0, cmov, cx8, fxsr, mmx, sse, sse2, sse3, ssse3, sse4.1, sse4.2, popcnt, avx, clmul, ht, tsc, tscinvbit

Memory: 4k page, system-wide physical 8104M (781M free)
TotalPageFile size 18102M (AvailPageFile size 5M)
current process WorkingSet (physical memory assigned to process): 184M, peak: 184M
current process commit charge ("private bytes"): 277M, peak: 278M

vm_info: OpenJDK 64-Bit Server VM (11.0.10+0-b96-7249189) for windows-amd64 JRE (11.0.10+0-b96-7249189), built on Mar 31 2021 21:44:00 by "builder" with MS VC++ 14.0 (VS2015)

END.
