#
# There is insufficient memory for the Java Runtime Environment to continue.
# Native memory allocation (malloc) failed to allocate 1048576 bytes for AllocateHeap
# Possible reasons:
#   The system is out of physical RAM or swap space
#   The process is running with CompressedOops enabled, and the Java Heap may be blocking the growth of the native heap
# Possible solutions:
#   Reduce memory load on the system
#   Increase physical memory or swap space
#   Check if swap backing store is full
#   Decrease Java heap size (-Xmx/-Xms)
#   Decrease number of Java threads
#   Decrease Java thread stack sizes (-Xss)
#   Set larger code cache with -XX:ReservedCodeCacheSize=
#   JVM is running with Unscaled Compressed Oops mode in which the Java heap is
#     placed in the first 4GB address space. The Java Heap base address is the
#     maximum limit for the native heap growth. Please use -XX:HeapBaseMinAddress
#     to set the Java Heap base and to place the Java Heap above 4GB virtual address.
# This output file may be truncated or incomplete.
#
#  Out of Memory Error (./src/hotspot/share/memory/allocation.cpp:46), pid=12936, tid=5772
#
# JRE version: OpenJDK Runtime Environment (11.0.10) (build 11.0.10+0-b96-7249189)
# Java VM: OpenJDK 64-Bit Server VM (11.0.10+0-b96-7249189, mixed mode, tiered, compressed oops, g1 gc, windows-amd64)
# No core dump will be written. Minidumps are not enabled by default on client versions of Windows
#

---------------  S U M M A R Y ------------

Command Line: --add-opens=java.base/java.util=ALL-UNNAMED --add-opens=java.base/java.lang=ALL-UNNAMED --add-opens=java.base/java.lang.invoke=ALL-UNNAMED --add-opens=java.base/java.util=ALL-UNNAMED --add-opens=java.prefs/java.util.prefs=ALL-UNNAMED --add-opens=java.prefs/java.util.prefs=ALL-UNNAMED --add-opens=java.base/java.nio.charset=ALL-UNNAMED --add-opens=java.base/java.net=ALL-UNNAMED --add-opens=java.base/java.util.concurrent.atomic=ALL-UNNAMED -Xmx2048m -Dfile.encoding=UTF-8 -Duser.country=RU -Duser.language=ru -Duser.variant org.gradle.launcher.daemon.bootstrap.GradleDaemon 7.0.2

Host: Intel(R) Core(TM) i5-2410M CPU @ 2.30GHz, 4 cores, 7G,  Windows 7 , 64 bit Build 7601 (6.1.7601.24387)
Time: Wed Nov 24 22:14:10 2021 RTZ 2 (ceia) elapsed time: 6.434537 seconds (0d 0h 0m 6s)

---------------  T H R E A D  ---------------

Current thread (0x000000005d7df000):  VMThread "VM Thread" [stack: 0x000000005d920000,0x000000005da20000] [id=5772]

Stack: [0x000000005d920000,0x000000005da20000]
[error occurred during error reporting (printing stack bounds), id 0xc0000005, EXCEPTION_ACCESS_VIOLATION (0xc0000005) at pc=0x00000000063e0f2d]

Native frames: (J=compiled Java code, j=interpreted, Vv=VM code, C=native code)
V  [jvm.dll+0x5ecfaa]
V  [jvm.dll+0x722bd5]
V  [jvm.dll+0x72412d]
V  [jvm.dll+0x724745]
V  [jvm.dll+0x7246fb]
V  [jvm.dll+0x5ec348]
V  [jvm.dll+0x5ecad8]
C  [ntdll.dll+0x6bf7d]
C  [ntdll.dll+0x4043a]
C  [ntdll.dll+0x6b61e]
C  0x00000000063e0f2d

VM_Operation (0x0000000062b0bf80): CollectForMetadataAllocation, mode: safepoint, requested by thread 0x0000000061204000


---------------  P R O C E S S  ---------------

Threads class SMR info:
_java_thread_list=0x000000005fc664d0, length=24, elements={
0x0000000000489800, 0x000000005d7ec800, 0x000000005d7ef000, 0x000000005d802000,
0x000000005d805000, 0x000000005d810000, 0x000000005d812000, 0x000000005d813000,
0x000000005d882000, 0x000000005e8b7000, 0x000000006016c000, 0x0000000060858800,
0x000000005faef800, 0x0000000061013000, 0x0000000061013800, 0x00000000611f7800,
0x0000000061204000, 0x000000006102f000, 0x0000000061038800, 0x0000000061039000,
0x000000006103a000, 0x000000006103b000, 0x000000006103b800, 0x000000005e8f6000
}

Java Threads: ( => current thread )
  0x0000000000489800 JavaThread "main" [_thread_blocked, id=8012, stack(0x0000000001f70000,0x0000000002070000)]
  0x000000005d7ec800 JavaThread "Reference Handler" daemon [_thread_blocked, id=12416, stack(0x000000005db40000,0x000000005dc40000)]
  0x000000005d7ef000 JavaThread "Finalizer" daemon [_thread_blocked, id=12940, stack(0x000000005dd20000,0x000000005de20000)]
  0x000000005d802000 JavaThread "Signal Dispatcher" daemon [_thread_blocked, id=12888, stack(0x000000005df70000,0x000000005e070000)]
  0x000000005d805000 JavaThread "Attach Listener" daemon [_thread_blocked, id=14060, stack(0x000000005e140000,0x000000005e240000)]
  0x000000005d810000 JavaThread "Service Thread" daemon [_thread_blocked, id=3076, stack(0x000000005de20000,0x000000005df20000)]
  0x000000005d812000 JavaThread "C2 CompilerThread0" daemon [_thread_in_native, id=2784, stack(0x000000005e3e0000,0x000000005e4e0000)]
  0x000000005d813000 JavaThread "C1 CompilerThread0" daemon [_thread_blocked, id=10972, stack(0x000000005e5b0000,0x000000005e6b0000)]
  0x000000005d882000 JavaThread "Sweeper thread" daemon [_thread_blocked, id=12124, stack(0x000000005e6b0000,0x000000005e7b0000)]
  0x000000005e8b7000 JavaThread "Common-Cleaner" daemon [_thread_blocked, id=13908, stack(0x000000005da20000,0x000000005db20000)]
  0x000000006016c000 JavaThread "Daemon health stats" [_thread_blocked, id=13064, stack(0x000000005ebc0000,0x000000005ecc0000)]
  0x0000000060858800 JavaThread "Incoming local TCP Connector on port 63247" [_thread_in_native, id=14924, stack(0x0000000060c00000,0x0000000060d00000)]
  0x000000005faef800 JavaThread "Daemon periodic checks" [_thread_blocked, id=14160, stack(0x0000000062530000,0x0000000062630000)]
  0x0000000061013000 JavaThread "Daemon" [_thread_blocked, id=14488, stack(0x00000000626b0000,0x00000000627b0000)]
  0x0000000061013800 JavaThread "Handler for socket connection from /127.0.0.1:63247 to /127.0.0.1:63248" [_thread_in_native, id=1028, stack(0x0000000062820000,0x0000000062920000)]
  0x00000000611f7800 JavaThread "Cancel handler" [_thread_blocked, id=5792, stack(0x000000005ed70000,0x000000005ee70000)]
  0x0000000061204000 JavaThread "Daemon worker" [_thread_blocked, id=14688, stack(0x0000000062a10000,0x0000000062b10000)]
  0x000000006102f000 JavaThread "Asynchronous log dispatcher for DefaultDaemonConnection: socket connection from /127.0.0.1:63247 to /127.0.0.1:63248" [_thread_blocked, id=2860, stack(0x0000000062b30000,0x0000000062c30000)]
  0x0000000061038800 JavaThread "Stdin handler" [_thread_blocked, id=9044, stack(0x0000000062ce0000,0x0000000062de0000)]
  0x0000000061039000 JavaThread "Daemon client event forwarder" [_thread_blocked, id=444, stack(0x0000000062e50000,0x0000000062f50000)]
  0x000000006103a000 JavaThread "Cache worker for file hash cache (C:\Users\user\.gradle\caches\7.0.2\fileHashes)" [_thread_blocked, id=8464, stack(0x0000000063390000,0x0000000063490000)]
  0x000000006103b000 JavaThread "File lock request listener" [_thread_in_native, id=14716, stack(0x0000000063550000,0x0000000063650000)]
  0x000000006103b800 JavaThread "Cache worker for journal cache (C:\Users\user\.gradle\caches\journal-1)" [_thread_blocked, id=15348, stack(0x0000000063960000,0x0000000063a60000)]
  0x000000005e8f6000 JavaThread "C2 CompilerThread1" daemon [_thread_blocked, id=8072, stack(0x00000000623b0000,0x00000000624b0000)]

Other Threads:
=>0x000000005d7df000 VMThread "VM Thread" [stack: 0x000000005d920000,0x000000005da20000] [id=5772]
  0x000000005e8bd000 WatcherThread [stack: 0x000000005e250000,0x000000005e350000] [id=11948]
  0x000000000049f800 GCTaskThread "GC Thread#0" [stack: 0x00000000026d0000,0x00000000027d0000] [id=11612]
  0x000000005f166800 GCTaskThread "GC Thread#1" [stack: 0x000000005f690000,0x000000005f790000] [id=8452]
  0x000000005f167000 GCTaskThread "GC Thread#2" [stack: 0x000000005f8e0000,0x000000005f9e0000] [id=11596]
  0x000000005eaad000 GCTaskThread "GC Thread#3" [stack: 0x0000000063240000,0x0000000063340000] [id=12800]
  0x00000000004d0800 ConcurrentGCThread "G1 Main Marker" [stack: 0x000000001a490000,0x000000001a590000] [id=13144]
  0x00000000004d1800 ConcurrentGCThread "G1 Conc#0" [stack: 0x000000001a310000,0x000000001a410000] [id=13696]
  0x000000001ca3d000 ConcurrentGCThread "G1 Refine#0" [stack: 0x000000001cbe0000,0x000000001cce0000] [id=7816]
  0x000000001ca3f800 ConcurrentGCThread "G1 Young RemSet Sampling" [stack: 0x000000001cda0000,0x000000001cea0000] [id=5276]

Threads with active compile tasks:
C2 CompilerThread0   6448 1937   !   4       java.lang.ClassLoader::loadClass (122 bytes)

VM state:at safepoint (normal execution)

VM Mutex/Monitor currently owned by a thread:  ([mutex/lock_event])
[0x0000000000484d00] Threads_lock - owner thread: 0x000000005d7df000
[0x00000000004854e0] Heap_lock - owner thread: 0x0000000061204000

Heap address: 0x0000000080000000, size: 2048 MB, Compressed Oops mode: 32-bit
Narrow klass base: 0x0000000000000000, Narrow klass shift: 0
Compressed class space size: 1073741824 Address: 0x000000001cea0000

Heap:
 garbage-first heap   total 131072K, used 18163K [0x0000000080000000, 0x0000000100000000)
  region size 1024K, 2 young (2048K), 2 survivors (2048K)
 Metaspace       used 23262K, capacity 23898K, committed 23936K, reserved 1079296K
  class space    used 2954K, capacity 3168K, committed 3200K, reserved 1048576K
Heap Regions: E=young(eden), S=young(survivor), O=old, HS=humongous(starts), HC=humongous(continues), CS=collection set, F=free, A=archive, TAMS=top-at-mark-start (previous, next)
|   0|0x0000000080000000, 0x0000000080100000, 0x0000000080100000|100%| O|  |TAMS 0x0000000080100000, 0x0000000080100000| Untracked 
|   1|0x0000000080100000, 0x0000000080200000, 0x0000000080200000|100%| O|  |TAMS 0x0000000080200000, 0x0000000080200000| Untracked 
|   2|0x0000000080200000, 0x0000000080300000, 0x0000000080300000|100%| O|  |TAMS 0x0000000080300000, 0x0000000080300000| Untracked 
|   3|0x0000000080300000, 0x0000000080400000, 0x0000000080400000|100%|HS|  |TAMS 0x0000000080400000, 0x0000000080400000| Complete 
|   4|0x0000000080400000, 0x0000000080500000, 0x0000000080500000|100%|HC|  |TAMS 0x0000000080500000, 0x0000000080500000| Complete 
|   5|0x0000000080500000, 0x0000000080600000, 0x0000000080600000|100%|HC|  |TAMS 0x0000000080600000, 0x0000000080600000| Complete 
|   6|0x0000000080600000, 0x0000000080700000, 0x0000000080700000|100%| O|  |TAMS 0x0000000080700000, 0x0000000080700000| Untracked 
|   7|0x0000000080700000, 0x0000000080800000, 0x0000000080800000|100%| O|  |TAMS 0x0000000080800000, 0x0000000080800000| Untracked 
|   8|0x0000000080800000, 0x0000000080900000, 0x0000000080900000|100%| O|  |TAMS 0x0000000080900000, 0x0000000080900000| Untracked 
|   9|0x0000000080900000, 0x0000000080a00000, 0x0000000080a00000|100%| O|  |TAMS 0x0000000080a00000, 0x0000000080a00000| Untracked 
|  10|0x0000000080a00000, 0x0000000080b00000, 0x0000000080b00000|100%| O|  |TAMS 0x0000000080b00000, 0x0000000080b00000| Untracked 
|  11|0x0000000080b00000, 0x0000000080c00000, 0x0000000080c00000|100%| O|  |TAMS 0x0000000080c00000, 0x0000000080c00000| Untracked 
|  12|0x0000000080c00000, 0x0000000080d00000, 0x0000000080d00000|100%| O|  |TAMS 0x0000000080c41400, 0x0000000080d00000| Untracked 
|  13|0x0000000080d00000, 0x0000000080e00000, 0x0000000080e00000|100%| O|  |TAMS 0x0000000080d00000, 0x0000000080e00000| Untracked 
|  14|0x0000000080e00000, 0x0000000080f00000, 0x0000000080f00000|100%| O|  |TAMS 0x0000000080e00000, 0x0000000080f00000| Untracked 
|  15|0x0000000080f00000, 0x0000000081000000, 0x0000000081000000|100%| O|  |TAMS 0x0000000080f00000, 0x0000000081000000| Untracked 
|  16|0x0000000081000000, 0x000000008103fa00, 0x0000000081100000| 24%| O|  |TAMS 0x0000000081000000, 0x000000008103fa00| Untracked 
|  17|0x0000000081100000, 0x0000000081100000, 0x0000000081200000|  0%| F|  |TAMS 0x0000000081100000, 0x0000000081100000| Untracked 
|  18|0x0000000081200000, 0x0000000081200000, 0x0000000081300000|  0%| F|  |TAMS 0x0000000081200000, 0x0000000081200000| Untracked 
|  19|0x0000000081300000, 0x0000000081300000, 0x0000000081400000|  0%| F|  |TAMS 0x0000000081300000, 0x0000000081300000| Untracked 
|  20|0x0000000081400000, 0x0000000081400000, 0x0000000081500000|  0%| F|  |TAMS 0x0000000081400000, 0x0000000081400000| Untracked 
|  21|0x0000000081500000, 0x0000000081500000, 0x0000000081600000|  0%| F|  |TAMS 0x0000000081500000, 0x0000000081500000| Untracked 
|  22|0x0000000081600000, 0x0000000081600000, 0x0000000081700000|  0%| F|  |TAMS 0x0000000081600000, 0x0000000081600000| Untracked 
|  23|0x0000000081700000, 0x0000000081700000, 0x0000000081800000|  0%| F|  |TAMS 0x0000000081700000, 0x0000000081700000| Untracked 
|  24|0x0000000081800000, 0x0000000081800000, 0x0000000081900000|  0%| F|  |TAMS 0x0000000081800000, 0x0000000081800000| Untracked 
|  25|0x0000000081900000, 0x0000000081900000, 0x0000000081a00000|  0%| F|  |TAMS 0x0000000081900000, 0x0000000081900000| Untracked 
|  26|0x0000000081a00000, 0x0000000081a00000, 0x0000000081b00000|  0%| F|  |TAMS 0x0000000081a00000, 0x0000000081a00000| Untracked 
|  27|0x0000000081b00000, 0x0000000081b00000, 0x0000000081c00000|  0%| F|  |TAMS 0x0000000081b00000, 0x0000000081b00000| Untracked 
|  28|0x0000000081c00000, 0x0000000081c00000, 0x0000000081d00000|  0%| F|  |TAMS 0x0000000081c00000, 0x0000000081c00000| Untracked 
|  29|0x0000000081d00000, 0x0000000081d00000, 0x0000000081e00000|  0%| F|  |TAMS 0x0000000081d00000, 0x0000000081d00000| Untracked 
|  30|0x0000000081e00000, 0x0000000081e00000, 0x0000000081f00000|  0%| F|  |TAMS 0x0000000081e00000, 0x0000000081e00000| Untracked 
|  31|0x0000000081f00000, 0x0000000081f00000, 0x0000000082000000|  0%| F|  |TAMS 0x0000000081f00000, 0x0000000081f00000| Untracked 
|  32|0x0000000082000000, 0x0000000082000000, 0x0000000082100000|  0%| F|  |TAMS 0x0000000082000000, 0x0000000082000000| Untracked 
|  33|0x0000000082100000, 0x0000000082100000, 0x0000000082200000|  0%| F|  |TAMS 0x0000000082100000, 0x0000000082100000| Untracked 
|  34|0x0000000082200000, 0x0000000082200000, 0x0000000082300000|  0%| F|  |TAMS 0x0000000082200000, 0x0000000082200000| Untracked 
|  35|0x0000000082300000, 0x0000000082300000, 0x0000000082400000|  0%| F|  |TAMS 0x0000000082300000, 0x0000000082300000| Untracked 
|  36|0x0000000082400000, 0x0000000082400000, 0x0000000082500000|  0%| F|  |TAMS 0x0000000082400000, 0x0000000082400000| Untracked 
|  37|0x0000000082500000, 0x0000000082500000, 0x0000000082600000|  0%| F|  |TAMS 0x0000000082500000, 0x0000000082500000| Untracked 
|  38|0x0000000082600000, 0x0000000082600000, 0x0000000082700000|  0%| F|  |TAMS 0x0000000082600000, 0x0000000082600000| Untracked 
|  39|0x0000000082700000, 0x0000000082700000, 0x0000000082800000|  0%| F|  |TAMS 0x0000000082700000, 0x0000000082700000| Untracked 
|  40|0x0000000082800000, 0x0000000082800000, 0x0000000082900000|  0%| F|  |TAMS 0x0000000082800000, 0x0000000082800000| Untracked 
|  41|0x0000000082900000, 0x0000000082900000, 0x0000000082a00000|  0%| F|  |TAMS 0x0000000082900000, 0x0000000082900000| Untracked 
|  42|0x0000000082a00000, 0x0000000082a00000, 0x0000000082b00000|  0%| F|  |TAMS 0x0000000082a00000, 0x0000000082a00000| Untracked 
|  43|0x0000000082b00000, 0x0000000082b00000, 0x0000000082c00000|  0%| F|  |TAMS 0x0000000082b00000, 0x0000000082b00000| Untracked 
|  44|0x0000000082c00000, 0x0000000082c00000, 0x0000000082d00000|  0%| F|  |TAMS 0x0000000082c00000, 0x0000000082c00000| Untracked 
|  45|0x0000000082d00000, 0x0000000082d00000, 0x0000000082e00000|  0%| F|  |TAMS 0x0000000082d00000, 0x0000000082d00000| Untracked 
|  46|0x0000000082e00000, 0x0000000082e00000, 0x0000000082f00000|  0%| F|  |TAMS 0x0000000082e00000, 0x0000000082e00000| Untracked 
|  47|0x0000000082f00000, 0x0000000082f00000, 0x0000000083000000|  0%| F|  |TAMS 0x0000000082f00000, 0x0000000082f00000| Untracked 
|  48|0x0000000083000000, 0x0000000083000000, 0x0000000083100000|  0%| F|  |TAMS 0x0000000083000000, 0x0000000083000000| Untracked 
|  49|0x0000000083100000, 0x0000000083100000, 0x0000000083200000|  0%| F|  |TAMS 0x0000000083100000, 0x0000000083100000| Untracked 
|  50|0x0000000083200000, 0x0000000083200000, 0x0000000083300000|  0%| F|  |TAMS 0x0000000083200000, 0x0000000083200000| Untracked 
|  51|0x0000000083300000, 0x0000000083300000, 0x0000000083400000|  0%| F|  |TAMS 0x0000000083300000, 0x0000000083300000| Untracked 
|  52|0x0000000083400000, 0x0000000083400000, 0x0000000083500000|  0%| F|  |TAMS 0x0000000083400000, 0x0000000083400000| Untracked 
|  53|0x0000000083500000, 0x0000000083500000, 0x0000000083600000|  0%| F|  |TAMS 0x0000000083500000, 0x0000000083500000| Untracked 
|  54|0x0000000083600000, 0x0000000083600000, 0x0000000083700000|  0%| F|  |TAMS 0x0000000083600000, 0x0000000083600000| Untracked 
|  55|0x0000000083700000, 0x0000000083700000, 0x0000000083800000|  0%| F|  |TAMS 0x0000000083700000, 0x0000000083700000| Untracked 
|  56|0x0000000083800000, 0x0000000083800000, 0x0000000083900000|  0%| F|  |TAMS 0x0000000083800000, 0x0000000083800000| Untracked 
|  57|0x0000000083900000, 0x0000000083900000, 0x0000000083a00000|  0%| F|  |TAMS 0x0000000083900000, 0x0000000083900000| Untracked 
|  58|0x0000000083a00000, 0x0000000083a00000, 0x0000000083b00000|  0%| F|  |TAMS 0x0000000083a00000, 0x0000000083a00000| Untracked 
|  59|0x0000000083b00000, 0x0000000083b00000, 0x0000000083c00000|  0%| F|  |TAMS 0x0000000083b00000, 0x0000000083b00000| Untracked 
|  60|0x0000000083c00000, 0x0000000083c00000, 0x0000000083d00000|  0%| F|  |TAMS 0x0000000083c00000, 0x0000000083c00000| Untracked 
|  61|0x0000000083d00000, 0x0000000083d00000, 0x0000000083e00000|  0%| F|  |TAMS 0x0000000083d00000, 0x0000000083d00000| Untracked 
|  62|0x0000000083e00000, 0x0000000083e00000, 0x0000000083f00000|  0%| F|  |TAMS 0x0000000083e00000, 0x0000000083e00000| Untracked 
|  63|0x0000000083f00000, 0x0000000083f00000, 0x0000000084000000|  0%| F|  |TAMS 0x0000000083f00000, 0x0000000083f00000| Untracked 
|  64|0x0000000084000000, 0x0000000084000000, 0x0000000084100000|  0%| F|  |TAMS 0x0000000084000000, 0x0000000084000000| Untracked 
|  65|0x0000000084100000, 0x0000000084100000, 0x0000000084200000|  0%| F|  |TAMS 0x0000000084100000, 0x0000000084100000| Untracked 
|  66|0x0000000084200000, 0x0000000084200000, 0x0000000084300000|  0%| F|  |TAMS 0x0000000084200000, 0x0000000084200000| Untracked 
|  67|0x0000000084300000, 0x0000000084300000, 0x0000000084400000|  0%| F|  |TAMS 0x0000000084300000, 0x0000000084300000| Untracked 
|  68|0x0000000084400000, 0x0000000084400000, 0x0000000084500000|  0%| F|  |TAMS 0x0000000084400000, 0x0000000084400000| Untracked 
|  69|0x0000000084500000, 0x0000000084500000, 0x0000000084600000|  0%| F|  |TAMS 0x0000000084500000, 0x0000000084500000| Untracked 
|  70|0x0000000084600000, 0x0000000084600000, 0x0000000084700000|  0%| F|  |TAMS 0x0000000084600000, 0x0000000084600000| Untracked 
|  71|0x0000000084700000, 0x0000000084700000, 0x0000000084800000|  0%| F|  |TAMS 0x0000000084700000, 0x0000000084700000| Untracked 
|  72|0x0000000084800000, 0x0000000084800000, 0x0000000084900000|  0%| F|  |TAMS 0x0000000084800000, 0x0000000084800000| Untracked 
|  73|0x0000000084900000, 0x0000000084900000, 0x0000000084a00000|  0%| F|  |TAMS 0x0000000084900000, 0x0000000084900000| Untracked 
|  74|0x0000000084a00000, 0x0000000084a00000, 0x0000000084b00000|  0%| F|  |TAMS 0x0000000084a00000, 0x0000000084a00000| Untracked 
|  75|0x0000000084b00000, 0x0000000084b00000, 0x0000000084c00000|  0%| F|  |TAMS 0x0000000084b00000, 0x0000000084b00000| Untracked 
|  76|0x0000000084c00000, 0x0000000084c00000, 0x0000000084d00000|  0%| F|  |TAMS 0x0000000084c00000, 0x0000000084c00000| Untracked 
|  77|0x0000000084d00000, 0x0000000084d00000, 0x0000000084e00000|  0%| F|  |TAMS 0x0000000084d00000, 0x0000000084d00000| Untracked 
|  78|0x0000000084e00000, 0x0000000084e00000, 0x0000000084f00000|  0%| F|  |TAMS 0x0000000084e00000, 0x0000000084e00000| Untracked 
|  79|0x0000000084f00000, 0x0000000084f00000, 0x0000000085000000|  0%| F|  |TAMS 0x0000000084f00000, 0x0000000084f00000| Untracked 
|  80|0x0000000085000000, 0x0000000085000000, 0x0000000085100000|  0%| F|  |TAMS 0x0000000085000000, 0x0000000085000000| Untracked 
|  81|0x0000000085100000, 0x0000000085100000, 0x0000000085200000|  0%| F|  |TAMS 0x0000000085100000, 0x0000000085100000| Untracked 
|  82|0x0000000085200000, 0x0000000085200000, 0x0000000085300000|  0%| F|  |TAMS 0x0000000085200000, 0x0000000085200000| Untracked 
|  83|0x0000000085300000, 0x0000000085300000, 0x0000000085400000|  0%| F|  |TAMS 0x0000000085300000, 0x0000000085300000| Untracked 
|  84|0x0000000085400000, 0x0000000085400000, 0x0000000085500000|  0%| F|  |TAMS 0x0000000085400000, 0x0000000085400000| Untracked 
|  85|0x0000000085500000, 0x0000000085500000, 0x0000000085600000|  0%| F|  |TAMS 0x0000000085500000, 0x0000000085500000| Untracked 
|  86|0x0000000085600000, 0x0000000085600000, 0x0000000085700000|  0%| F|  |TAMS 0x0000000085600000, 0x0000000085600000| Untracked 
|  87|0x0000000085700000, 0x0000000085700000, 0x0000000085800000|  0%| F|  |TAMS 0x0000000085700000, 0x0000000085700000| Untracked 
|  88|0x0000000085800000, 0x0000000085800000, 0x0000000085900000|  0%| F|  |TAMS 0x0000000085800000, 0x0000000085800000| Untracked 
|  89|0x0000000085900000, 0x0000000085900000, 0x0000000085a00000|  0%| F|  |TAMS 0x0000000085900000, 0x0000000085900000| Untracked 
|  90|0x0000000085a00000, 0x0000000085a00000, 0x0000000085b00000|  0%| F|  |TAMS 0x0000000085a00000, 0x0000000085a00000| Untracked 
|  91|0x0000000085b00000, 0x0000000085b00000, 0x0000000085c00000|  0%| F|  |TAMS 0x0000000085b00000, 0x0000000085b00000| Untracked 
|  92|0x0000000085c00000, 0x0000000085c00000, 0x0000000085d00000|  0%| F|  |TAMS 0x0000000085c00000, 0x0000000085c00000| Untracked 
|  93|0x0000000085d00000, 0x0000000085d00000, 0x0000000085e00000|  0%| F|  |TAMS 0x0000000085d00000, 0x0000000085d00000| Untracked 
|  94|0x0000000085e00000, 0x0000000085e00000, 0x0000000085f00000|  0%| F|  |TAMS 0x0000000085e00000, 0x0000000085e00000| Untracked 
|  95|0x0000000085f00000, 0x0000000085f7d580, 0x0000000086000000| 48%| S|CS|TAMS 0x0000000085f00000, 0x0000000085f00000| Complete 
|  96|0x0000000086000000, 0x0000000086100000, 0x0000000086100000|100%| S|CS|TAMS 0x0000000086000000, 0x0000000086000000| Complete 
|  97|0x0000000086100000, 0x0000000086100000, 0x0000000086200000|  0%| F|  |TAMS 0x0000000086100000, 0x0000000086100000| Untracked 
|  98|0x0000000086200000, 0x0000000086200000, 0x0000000086300000|  0%| F|  |TAMS 0x0000000086200000, 0x0000000086200000| Untracked 
|  99|0x0000000086300000, 0x0000000086300000, 0x0000000086400000|  0%| F|  |TAMS 0x0000000086300000, 0x0000000086300000| Untracked 
| 100|0x0000000086400000, 0x0000000086400000, 0x0000000086500000|  0%| F|  |TAMS 0x0000000086400000, 0x0000000086400000| Untracked 
| 101|0x0000000086500000, 0x0000000086500000, 0x0000000086600000|  0%| F|  |TAMS 0x0000000086500000, 0x0000000086500000| Untracked 
| 102|0x0000000086600000, 0x0000000086600000, 0x0000000086700000|  0%| F|  |TAMS 0x0000000086600000, 0x0000000086600000| Untracked 
| 103|0x0000000086700000, 0x0000000086700000, 0x0000000086800000|  0%| F|  |TAMS 0x0000000086700000, 0x0000000086700000| Untracked 
| 104|0x0000000086800000, 0x0000000086800000, 0x0000000086900000|  0%| F|  |TAMS 0x0000000086800000, 0x0000000086800000| Untracked 
| 105|0x0000000086900000, 0x0000000086900000, 0x0000000086a00000|  0%| F|  |TAMS 0x0000000086900000, 0x0000000086900000| Untracked 
| 106|0x0000000086a00000, 0x0000000086a00000, 0x0000000086b00000|  0%| F|  |TAMS 0x0000000086a00000, 0x0000000086a00000| Untracked 
| 107|0x0000000086b00000, 0x0000000086b00000, 0x0000000086c00000|  0%| F|  |TAMS 0x0000000086b00000, 0x0000000086b00000| Untracked 
| 108|0x0000000086c00000, 0x0000000086c00000, 0x0000000086d00000|  0%| F|  |TAMS 0x0000000086c00000, 0x0000000086c00000| Untracked 
| 109|0x0000000086d00000, 0x0000000086d00000, 0x0000000086e00000|  0%| F|  |TAMS 0x0000000086d00000, 0x0000000086d00000| Untracked 
| 110|0x0000000086e00000, 0x0000000086e00000, 0x0000000086f00000|  0%| F|  |TAMS 0x0000000086e00000, 0x0000000086e00000| Untracked 
| 111|0x0000000086f00000, 0x0000000086f00000, 0x0000000087000000|  0%| F|  |TAMS 0x0000000086f00000, 0x0000000086f00000| Untracked 
| 112|0x0000000087000000, 0x0000000087000000, 0x0000000087100000|  0%| F|  |TAMS 0x0000000087000000, 0x0000000087000000| Untracked 
| 113|0x0000000087100000, 0x0000000087100000, 0x0000000087200000|  0%| F|  |TAMS 0x0000000087100000, 0x0000000087100000| Untracked 
| 114|0x0000000087200000, 0x0000000087200000, 0x0000000087300000|  0%| F|  |TAMS 0x0000000087200000, 0x0000000087200000| Untracked 
| 115|0x0000000087300000, 0x0000000087300000, 0x0000000087400000|  0%| F|  |TAMS 0x0000000087300000, 0x0000000087300000| Untracked 
| 116|0x0000000087400000, 0x0000000087400000, 0x0000000087500000|  0%| F|  |TAMS 0x0000000087400000, 0x0000000087400000| Untracked 
| 117|0x0000000087500000, 0x0000000087500000, 0x0000000087600000|  0%| F|  |TAMS 0x0000000087500000, 0x0000000087500000| Untracked 
| 118|0x0000000087600000, 0x0000000087600000, 0x0000000087700000|  0%| F|  |TAMS 0x0000000087600000, 0x0000000087600000| Untracked 
| 119|0x0000000087700000, 0x0000000087700000, 0x0000000087800000|  0%| F|  |TAMS 0x0000000087700000, 0x0000000087700000| Untracked 
| 120|0x0000000087800000, 0x0000000087800000, 0x0000000087900000|  0%| F|  |TAMS 0x0000000087800000, 0x0000000087800000| Untracked 
| 121|0x0000000087900000, 0x0000000087900000, 0x0000000087a00000|  0%| F|  |TAMS 0x0000000087900000, 0x0000000087900000| Untracked 
| 122|0x0000000087a00000, 0x0000000087a00000, 0x0000000087b00000|  0%| F|  |TAMS 0x0000000087a00000, 0x0000000087a00000| Untracked 
| 123|0x0000000087b00000, 0x0000000087b00000, 0x0000000087c00000|  0%| F|  |TAMS 0x0000000087b00000, 0x0000000087b00000| Untracked 
| 124|0x0000000087c00000, 0x0000000087c00000, 0x0000000087d00000|  0%| F|  |TAMS 0x0000000087c00000, 0x0000000087c00000| Untracked 
| 125|0x0000000087d00000, 0x0000000087d00000, 0x0000000087e00000|  0%| F|  |TAMS 0x0000000087d00000, 0x0000000087d00000| Untracked 
| 126|0x0000000087e00000, 0x0000000087e00000, 0x0000000087f00000|  0%| F|  |TAMS 0x0000000087e00000, 0x0000000087e00000| Untracked 
| 127|0x0000000087f00000, 0x0000000087f00000, 0x0000000088000000|  0%| F|  |TAMS 0x0000000087f00000, 0x0000000087f00000| Untracked 

Card table byte_map: [0x0000000015b10000,0x0000000015f10000] _byte_map_base: 0x0000000015710000

Marking Bits (Prev, Next): (CMBitMap*) 0x00000000004c7870, (CMBitMap*) 0x00000000004c7838
 Prev Bits: [0x0000000018310000, 0x000000001a310000)
 Next Bits: [0x0000000016310000, 0x0000000018310000)

Polling page: 0x0000000000120000

Metaspace:

Usage:
  Non-class:     20.24 MB capacity,    19.83 MB ( 98%) used,   375.88 KB (  2%) free+waste,    46.50 KB ( <1%) overhead. 
      Class:      3.09 MB capacity,     2.89 MB ( 93%) used,   190.10 KB (  6%) free+waste,    23.50 KB ( <1%) overhead. 
       Both:     23.34 MB capacity,    22.72 MB ( 97%) used,   565.98 KB (  2%) free+waste,    70.00 KB ( <1%) overhead. 

Virtual space:
  Non-class space:       30.00 MB reserved,      20.25 MB ( 68%) committed 
      Class space:        1.00 GB reserved,       3.13 MB ( <1%) committed 
             Both:        1.03 GB reserved,      23.38 MB (  2%) committed 

Chunk freelists:
   Non-Class:  6.00 KB
       Class:  0 bytes
        Both:  6.00 KB

MaxMetaspaceSize: 17179869184.00 GB
CompressedClassSpaceSize: 1.00 GB

CodeHeap 'non-profiled nmethods': size=120064Kb used=933Kb max_used=933Kb free=119130Kb
 bounds [0x000000000dea0000, 0x000000000e110000, 0x00000000153e0000]
CodeHeap 'profiled nmethods': size=120000Kb used=4238Kb max_used=4238Kb free=115761Kb
 bounds [0x0000000006970000, 0x0000000006da0000, 0x000000000dea0000]
CodeHeap 'non-nmethods': size=5696Kb used=1140Kb max_used=1156Kb free=4555Kb
 bounds [0x00000000063e0000, 0x0000000006650000, 0x0000000006970000]
 total_blobs=2512 nmethods=2025 adapters=399
 compilation: enabled
              stopped_count=0, restarted_count=0
 full_count=0

Compilation events (20 events):
Event: 6.406 Thread 0x000000005d813000 2017       3       org.objectweb.asm.Frame::push (109 bytes)
Event: 6.407 Thread 0x000000005d813000 nmethod 2017 0x0000000006d8f590 code [0x0000000006d8f780, 0x0000000006d8fce8]
Event: 6.407 Thread 0x000000005d813000 2019       3       java.lang.invoke.InnerClassLambdaMetafactory::getOpcodeOffset (38 bytes)
Event: 6.407 Thread 0x000000005d813000 nmethod 2019 0x0000000006d8fe90 code [0x0000000006d90060, 0x0000000006d902d8]
Event: 6.407 Thread 0x000000005d813000 2020       3       org.objectweb.asm.ByteVector::put12 (64 bytes)
Event: 6.407 Thread 0x000000005d813000 nmethod 2020 0x0000000006d90390 code [0x0000000006d90560, 0x0000000006d90788]
Event: 6.408 Thread 0x000000005d813000 2021       3       org.objectweb.asm.SymbolTable::addConstantUtf8 (98 bytes)
Event: 6.409 Thread 0x000000005d813000 nmethod 2021 0x0000000006d90910 code [0x0000000006d90b60, 0x0000000006d911f8]
Event: 6.409 Thread 0x000000005d813000 2022       3       org.objectweb.asm.SymbolTable::addType (81 bytes)
Event: 6.410 Thread 0x000000005d813000 nmethod 2022 0x0000000006d91590 code [0x0000000006d917c0, 0x0000000006d91d98]
Event: 6.410 Thread 0x000000005d813000 2023       3       org.objectweb.asm.Frame::pop (44 bytes)
Event: 6.410 Thread 0x000000005d813000 nmethod 2023 0x0000000006d92090 code [0x0000000006d92240, 0x0000000006d923b8]
Event: 6.410 Thread 0x000000005d813000 2024       3       org.objectweb.asm.MethodWriter::visitVarInsn (302 bytes)
Event: 6.411 Thread 0x000000005d813000 nmethod 2024 0x0000000006d92490 code [0x0000000006d92700, 0x0000000006d93108]
Event: 6.411 Thread 0x000000005e8f6000 2025       4       org.objectweb.asm.SymbolTable::get (13 bytes)
Event: 6.412 Thread 0x000000005e8f6000 nmethod 2025 0x000000000df89090 code [0x000000000df89220, 0x000000000df892d8]
Event: 6.413 Thread 0x000000005d813000 2026       3       org.objectweb.asm.ByteVector::putShort (52 bytes)
Event: 6.414 Thread 0x000000005d813000 nmethod 2026 0x0000000006d93390 code [0x0000000006d93560, 0x0000000006d93768]
Event: 6.414 Thread 0x000000005d813000 2027       1       org.objectweb.asm.SymbolTable::getMajorVersion (5 bytes)
Event: 6.414 Thread 0x000000005d813000 nmethod 2027 0x000000000df89390 code [0x000000000df89540, 0x000000000df895f8]

GC Heap History (12 events):
Event: 1.229 GC heap before
{Heap before GC invocations=0 (full 0):
 garbage-first heap   total 131072K, used 19456K [0x0000000080000000, 0x0000000100000000)
  region size 1024K, 14 young (14336K), 0 survivors (0K)
 Metaspace       used 6722K, capacity 6937K, committed 7168K, reserved 1056768K
  class space    used 584K, capacity 650K, committed 768K, reserved 1048576K
}
Event: 1.529 GC heap after
{Heap after GC invocations=1 (full 0):
 garbage-first heap   total 131072K, used 7877K [0x0000000080000000, 0x0000000100000000)
  region size 1024K, 2 young (2048K), 2 survivors (2048K)
 Metaspace       used 6722K, capacity 6937K, committed 7168K, reserved 1056768K
  class space    used 584K, capacity 650K, committed 768K, reserved 1048576K
}
Event: 2.371 GC heap before
{Heap before GC invocations=1 (full 0):
 garbage-first heap   total 131072K, used 20165K [0x0000000080000000, 0x0000000100000000)
  region size 1024K, 14 young (14336K), 2 survivors (2048K)
 Metaspace       used 10233K, capacity 10501K, committed 10624K, reserved 1058816K
  class space    used 1064K, capacity 1139K, committed 1152K, reserved 1048576K
}
Event: 2.375 GC heap after
{Heap after GC invocations=2 (full 0):
 garbage-first heap   total 131072K, used 9428K [0x0000000080000000, 0x0000000100000000)
  region size 1024K, 2 young (2048K), 2 survivors (2048K)
 Metaspace       used 10233K, capacity 10501K, committed 10624K, reserved 1058816K
  class space    used 1064K, capacity 1139K, committed 1152K, reserved 1048576K
}
Event: 3.246 GC heap before
{Heap before GC invocations=2 (full 0):
 garbage-first heap   total 131072K, used 39124K [0x0000000080000000, 0x0000000100000000)
  region size 1024K, 31 young (31744K), 2 survivors (2048K)
 Metaspace       used 11154K, capacity 11454K, committed 11520K, reserved 1058816K
  class space    used 1166K, capacity 1243K, committed 1280K, reserved 1048576K
}
Event: 3.302 GC heap after
{Heap after GC invocations=3 (full 0):
 garbage-first heap   total 131072K, used 12948K [0x0000000080000000, 0x0000000100000000)
  region size 1024K, 4 young (4096K), 4 survivors (4096K)
 Metaspace       used 11154K, capacity 11454K, committed 11520K, reserved 1058816K
  class space    used 1166K, capacity 1243K, committed 1280K, reserved 1048576K
}
Event: 5.702 GC heap before
{Heap before GC invocations=3 (full 0):
 garbage-first heap   total 131072K, used 65172K [0x0000000080000000, 0x0000000100000000)
  region size 1024K, 55 young (56320K), 4 survivors (4096K)
 Metaspace       used 19116K, capacity 19597K, committed 19712K, reserved 1067008K
  class space    used 2321K, capacity 2449K, committed 2560K, reserved 1048576K
}
Event: 5.715 GC heap after
{Heap after GC invocations=4 (full 0):
 garbage-first heap   total 131072K, used 16895K [0x0000000080000000, 0x0000000100000000)
  region size 1024K, 7 young (7168K), 7 survivors (7168K)
 Metaspace       used 19116K, capacity 19597K, committed 19712K, reserved 1067008K
  class space    used 2321K, capacity 2449K, committed 2560K, reserved 1048576K
}
Event: 5.926 GC heap before
{Heap before GC invocations=4 (full 0):
 garbage-first heap   total 131072K, used 26111K [0x0000000080000000, 0x0000000100000000)
  region size 1024K, 18 young (18432K), 7 survivors (7168K)
 Metaspace       used 20519K, capacity 21103K, committed 21248K, reserved 1067008K
  class space    used 2510K, capacity 2701K, committed 2816K, reserved 1048576K
}
Event: 5.936 GC heap after
{Heap after GC invocations=5 (full 0):
 garbage-first heap   total 131072K, used 17192K [0x0000000080000000, 0x0000000100000000)
  region size 1024K, 5 young (5120K), 5 survivors (5120K)
 Metaspace       used 20519K, capacity 21103K, committed 21248K, reserved 1067008K
  class space    used 2510K, capacity 2701K, committed 2816K, reserved 1048576K
}
Event: 6.415 GC heap before
{Heap before GC invocations=6 (full 0):
 garbage-first heap   total 131072K, used 42792K [0x0000000080000000, 0x0000000100000000)
  region size 1024K, 31 young (31744K), 5 survivors (5120K)
 Metaspace       used 23262K, capacity 23898K, committed 23936K, reserved 1077248K
  class space    used 2954K, capacity 3168K, committed 3200K, reserved 1048576K
}
Event: 6.427 GC heap after
{Heap after GC invocations=7 (full 0):
 garbage-first heap   total 131072K, used 18163K [0x0000000080000000, 0x0000000100000000)
  region size 1024K, 2 young (2048K), 2 survivors (2048K)
 Metaspace       used 23262K, capacity 23898K, committed 23936K, reserved 1077248K
  class space    used 2954K, capacity 3168K, committed 3200K, reserved 1048576K
}

Deoptimization events (20 events):
Event: 6.035 Thread 0x0000000061204000 Uncommon trap: trap_request=0xffffff4d fr.pc=0x000000000ded4b34 relative=0x0000000000000354
Event: 6.035 Thread 0x0000000061204000 Uncommon trap: reason=unstable_if action=reinterpret pc=0x000000000ded4b34 method=java.util.HashMap.getNode(ILjava/lang/Object;)Ljava/util/HashMap$Node; @ 129 c2
Event: 6.035 Thread 0x0000000061204000 DEOPT PACKING pc=0x000000000ded4b34 sp=0x0000000062b0bfc0
Event: 6.035 Thread 0x0000000061204000 DEOPT UNPACKING pc=0x00000000064076af sp=0x0000000062b0bf58 mode 2
Event: 6.044 Thread 0x0000000061204000 Uncommon trap: trap_request=0xffffff4d fr.pc=0x000000000df18a30 relative=0x0000000000000b10
Event: 6.044 Thread 0x0000000061204000 Uncommon trap: reason=unstable_if action=reinterpret pc=0x000000000df18a30 method=java.util.Properties$LineReader.readLine()I @ 249 c2
Event: 6.044 Thread 0x0000000061204000 DEOPT PACKING pc=0x000000000df18a30 sp=0x0000000062b0bfe0
Event: 6.044 Thread 0x0000000061204000 DEOPT UNPACKING pc=0x00000000064076af sp=0x0000000062b0bf70 mode 2
Event: 6.291 Thread 0x0000000061204000 Uncommon trap: trap_request=0xffffff4d fr.pc=0x000000000df7e640 relative=0x0000000000000180
Event: 6.292 Thread 0x0000000061204000 Uncommon trap: reason=unstable_if action=reinterpret pc=0x000000000df7e640 method=java.util.HashMap.getNode(ILjava/lang/Object;)Ljava/util/HashMap$Node; @ 129 c2
Event: 6.292 Thread 0x0000000061204000 DEOPT PACKING pc=0x000000000df7e640 sp=0x0000000062b0ce00
Event: 6.292 Thread 0x0000000061204000 DEOPT UNPACKING pc=0x00000000064076af sp=0x0000000062b0cd10 mode 2
Event: 6.311 Thread 0x0000000061204000 Uncommon trap: trap_request=0xffffff4d fr.pc=0x000000000df0d8c4 relative=0x0000000000000084
Event: 6.311 Thread 0x0000000061204000 Uncommon trap: reason=unstable_if action=reinterpret pc=0x000000000df0d8c4 method=java.util.LinkedHashMap.afterNodeInsertion(Z)V @ 1 c2
Event: 6.311 Thread 0x0000000061204000 DEOPT PACKING pc=0x000000000df0d8c4 sp=0x0000000062b0ca20
Event: 6.311 Thread 0x0000000061204000 DEOPT UNPACKING pc=0x00000000064076af sp=0x0000000062b0c9a0 mode 2
Event: 6.316 Thread 0x0000000061204000 Uncommon trap: trap_request=0xffffff4d fr.pc=0x000000000df603ec relative=0x000000000000022c
Event: 6.316 Thread 0x0000000061204000 Uncommon trap: reason=unstable_if action=reinterpret pc=0x000000000df603ec method=java.util.concurrent.ConcurrentHashMap.get(Ljava/lang/Object;)Ljava/lang/Object; @ 76 c2
Event: 6.316 Thread 0x0000000061204000 DEOPT PACKING pc=0x000000000df603ec sp=0x0000000062b0ab50
Event: 6.316 Thread 0x0000000061204000 DEOPT UNPACKING pc=0x00000000064076af sp=0x0000000062b0aab8 mode 2

Classes redefined (0 events):
No events

Internal exceptions (20 events):
Event: 5.418 Thread 0x0000000061204000 Exception <a 'java/lang/NoSuchMethodError'{0x0000000085954df8}: 'long java.lang.invoke.DirectMethodHandle$Holder.invokeInterface(java.lang.Object, java.lang.Object)'> (0x0000000085954df8) thrown at [./src/hotspot/share/interpreter/linkResolver.cpp, line 773]
Event: 5.423 Thread 0x0000000061204000 Exception <a 'java/lang/NoSuchMethodError'{0x0000000085977ac0}: 'void java.lang.invoke.DelegatingMethodHandle$Holder.reinvoke_L(java.lang.Object, java.lang.Object, java.lang.Object, java.lang.Object, java.lang.Object, java.lang.Object, java.lang.Object)'> (0x0000000085977ac0) thrown at [./src/hotspot/share/interpreter/linkResolver.cpp, line 773]
Event: 5.687 Thread 0x0000000061204000 Exception <a 'java/lang/NoSuchMethodError'{0x0000000084921580}: 'java.lang.Object java.lang.invoke.DirectMethodHandle$Holder.invokeVirtual(java.lang.Object, java.lang.Object, java.lang.Object)'> (0x0000000084921580) thrown at [./src/hotspot/share/interpreter/linkResolver.cpp, line 773]
Event: 5.753 Thread 0x0000000061204000 Exception <a 'java/lang/NoSuchMethodError'{0x0000000087c09e80}: 'void java.lang.invoke.DirectMethodHandle$Holder.invokeInterface(java.lang.Object, java.lang.Object)'> (0x0000000087c09e80) thrown at [./src/hotspot/share/interpreter/linkResolver.cpp, line 773]
Event: 5.753 Thread 0x0000000061204000 Exception <a 'java/lang/IncompatibleClassChangeError'{0x0000000087c0d030}: Found class java.lang.Object, but interface was expected> (0x0000000087c0d030) thrown at [./src/hotspot/share/interpreter/linkResolver.cpp, line 839]
Event: 5.783 Thread 0x0000000061204000 Exception <a 'java/lang/NoSuchMethodError'{0x0000000087b70f88}: 'void java.lang.invoke.DirectMethodHandle$Holder.invokeStaticInit(java.lang.Object)'> (0x0000000087b70f88) thrown at [./src/hotspot/share/interpreter/linkResolver.cpp, line 773]
Event: 5.846 Thread 0x0000000061204000 Exception <a 'java/lang/NoSuchMethodError'{0x00000000879dac50}: 'java.lang.Object java.lang.invoke.DirectMethodHandle$Holder.invokeStatic(java.lang.Object, java.lang.Object, java.lang.Object, int)'> (0x00000000879dac50) thrown at [./src/hotspot/share/interpreter/linkResolver.cpp, line 773]
Event: 5.847 Thread 0x0000000061204000 Exception <a 'java/lang/NoSuchMethodError'{0x00000000879dee18}: 'java.lang.Object java.lang.invoke.DirectMethodHandle$Holder.invokeSpecial(java.lang.Object, java.lang.Object, java.lang.Object, java.lang.Object, int)'> (0x00000000879dee18) thrown at [./src/hotspot/share/interpreter/linkResolver.cpp, line 773]
Event: 5.847 Thread 0x0000000061204000 Exception <a 'java/lang/NoSuchMethodError'{0x00000000879e2800}: 'java.lang.Object java.lang.invoke.Invokers$Holder.linkToTargetMethod(java.lang.Object, java.lang.Object, int, java.lang.Object)'> (0x00000000879e2800) thrown at [./src/hotspot/share/interpreter/linkResolver.cpp, line 773]
Event: 5.955 Thread 0x0000000061204000 Exception <a 'java/lang/NoSuchMethodError'{0x0000000087fe3a40}: 'int java.lang.invoke.DirectMethodHandle$Holder.invokeSpecialIFC(java.lang.Object, java.lang.Object, java.lang.Object, java.lang.Object)'> (0x0000000087fe3a40) thrown at [./src/hotspot/share/interpreter/linkResolver.cpp, line 773]
Event: 5.964 Thread 0x0000000061204000 Exception <a 'java/lang/NoSuchMethodError'{0x0000000087ff1800}: 'java.lang.Object java.lang.invoke.DirectMethodHandle$Holder.invokeInterface(java.lang.Object, java.lang.Object, java.lang.Object)'> (0x0000000087ff1800) thrown at [./src/hotspot/share/interpreter/linkResolver.cpp, line 773]
Event: 5.964 Thread 0x0000000061204000 Exception <a 'java/lang/IncompatibleClassChangeError'{0x0000000087ff4d08}: Found class java.lang.Object, but interface was expected> (0x0000000087ff4d08) thrown at [./src/hotspot/share/interpreter/linkResolver.cpp, line 839]
Event: 5.978 Thread 0x0000000061204000 Exception <a 'java/lang/NoSuchMethodError'{0x0000000087ea93b0}: 'void java.lang.invoke.DirectMethodHandle$Holder.invokeStatic(java.lang.Object, java.lang.Object, java.lang.Object, java.lang.Object, java.lang.Object)'> (0x0000000087ea93b0) thrown at [./src/hotspot/share/interpreter/linkResolver.cpp, line 773]
Event: 6.075 Thread 0x0000000061204000 Exception <a 'java/lang/NoSuchMethodError'{0x0000000087938280}: 'void java.lang.invoke.DirectMethodHandle$Holder.invokeSpecial(java.lang.Object, java.lang.Object)'> (0x0000000087938280) thrown at [./src/hotspot/share/interpreter/linkResolver.cpp, line 773]
Event: 6.122 Thread 0x0000000061204000 Exception <a 'java/lang/NoSuchMethodError'{0x0000000087770fb0}: 'java.lang.Object java.lang.invoke.DirectMethodHandle$Holder.invokeSpecial(java.lang.Object, java.lang.Object, java.lang.Object, java.lang.Object, java.lang.Object, java.lang.Object, java.lang.Object, java.lang.Object, java.lang.Object)'> (0x0000000087770fb0) thrown at [./src/hotspot/share/interpreter/linkResolver.cpp, line 773]
Event: 6.221 Thread 0x0000000061204000 Exception <a 'java/lang/NoSuchMethodError'{0x00000000869a31d8}: 'java.lang.Object java.lang.invoke.DirectMethodHandle$Holder.invokeVirtual(java.lang.Object, java.lang.Object, java.lang.Object, java.lang.Object)'> (0x00000000869a31d8) thrown at [./src/hotspot/share/interpreter/linkResolver.cpp, line 773]
Event: 6.252 Thread 0x0000000061204000 Exception <a 'java/lang/NoSuchMethodError'{0x0000000086641520}: 'java.lang.Object java.lang.invoke.Invokers$Holder.invoker(java.lang.Object, java.lang.Object, java.lang.Object, java.lang.Object, java.lang.Object)'> (0x0000000086641520) thrown at [./src/hotspot/share/interpreter/linkResolver.cpp, line 773]
Event: 6.388 Thread 0x0000000061204000 Exception <a 'java/lang/NoSuchMethodError'{0x00000000862c81b0}: 'void java.lang.invoke.DirectMethodHandle$Holder.invokeSpecial(java.lang.Object, java.lang.Object, java.lang.Object, java.lang.Object, java.lang.Object, java.lang.Object)'> (0x00000000862c81b0) thrown at [./src/hotspot/share/interpreter/linkResolver.cpp, line 773]
Event: 6.405 Thread 0x0000000061204000 Exception <a 'java/lang/NoSuchMethodError'{0x000000008612e218}: 'void java.lang.invoke.DirectMethodHandle$Holder.invokeSpecial(java.lang.Object, java.lang.Object, java.lang.Object, java.lang.Object, java.lang.Object, java.lang.Object, java.lang.Object)'> (0x000000008612e218) thrown at [./src/hotspot/share/interpreter/linkResolver.cpp, line 773]
Event: 6.406 Thread 0x0000000061204000 Exception <a 'java/lang/NoSuchMethodError'{0x0000000086136460}: 'java.lang.Object java.lang.invoke.Invokers$Holder.linkToTargetMethod(java.lang.Object, java.lang.Object, java.lang.Object, java.lang.Object, java.lang.Object, java.lang.Object)'> (0x0000000086136460) thrown at [./src/hotspot/share/interpreter/linkResolver.cpp, line 773]

Events (20 events):
Event: 6.401 loading class java/util/ConcurrentModificationException
Event: 6.401 loading class java/util/ConcurrentModificationException done
Event: 6.401 loading class com/google/common/collect/AbstractMapBasedMultimap$WrappedCollection$WrappedIterator
Event: 6.401 loading class com/google/common/collect/AbstractMapBasedMultimap$WrappedCollection$WrappedIterator done
Event: 6.402 loading class com/google/common/collect/LinkedHashMultimap$ValueSet$1
Event: 6.402 loading class com/google/common/collect/LinkedHashMultimap$ValueSet$1 done
Event: 6.402 loading class org/objectweb/asm/Type
Event: 6.402 loading class org/objectweb/asm/Type done
Event: 6.403 loading class org/objectweb/asm/Type
Event: 6.403 loading class org/objectweb/asm/Type done
Event: 6.403 loading class org/gradle/api/Transformer
Event: 6.403 loading class org/gradle/api/Transformer done
Event: 6.406 loading class org/gradle/internal/instantiation/generator/AsmBackedClassGenerator$ClassBuilderImpl
Event: 6.406 loading class org/gradle/internal/instantiation/generator/AsmBackedClassGenerator$ClassBuilderImpl done
Event: 6.410 loading class org/objectweb/asm/Attribute
Event: 6.410 loading class org/objectweb/asm/Attribute done
Event: 6.412 loading class org/objectweb/asm/Handler
Event: 6.412 loading class org/objectweb/asm/Handler done
Event: 6.414 loading class jdk/internal/org/objectweb/asm/ClassReader
Event: 6.415 Executing VM operation: CollectForMetadataAllocation


Dynamic libraries:
0x000000013ff70000 - 0x000000013ff7a000 	D:\program files\android\android studio\jre\bin\java.exe
0x0000000077800000 - 0x000000007799f000 	C:\Windows\SYSTEM32\ntdll.dll
0x00000000775e0000 - 0x00000000776ff000 	C:\Windows\system32\kernel32.dll
0x000007fefd7f0000 - 0x000007fefd85a000 	C:\Windows\system32\KERNELBASE.dll
0x000007fee20c0000 - 0x000007fee20d9000 	D:\program files\android\android studio\jre\bin\jli.dll
0x000007fefbc90000 - 0x000007fefbe85000 	C:\Windows\WinSxS\amd64_microsoft.windows.common-controls_6595b64144ccf1df_6.0.7601.24380_none_e3731d0b30fb6b11\COMCTL32.dll
0x000007fefde60000 - 0x000007fefdeff000 	C:\Windows\system32\msvcrt.dll
0x000007feff200000 - 0x000007feff267000 	C:\Windows\system32\GDI32.dll
0x0000000077700000 - 0x00000000777fa000 	C:\Windows\system32\USER32.dll
0x000007fefec90000 - 0x000007fefec9e000 	C:\Windows\system32\LPK.dll
0x000007fefda90000 - 0x000007fefdb5b000 	C:\Windows\system32\USP10.dll
0x000007fefdb60000 - 0x000007fefdbd1000 	C:\Windows\system32\SHLWAPI.dll
0x000007fee20a0000 - 0x000007fee20b7000 	D:\program files\android\android studio\jre\bin\VCRUNTIME140.dll
0x000007fef4610000 - 0x000007fef4614000 	C:\Windows\system32\api-ms-win-crt-runtime-l1-1-0.dll
0x000007fef44e0000 - 0x000007fef45d4000 	C:\Windows\system32\ucrtbase.DLL
0x000007fef44d0000 - 0x000007fef44d3000 	C:\Windows\system32\api-ms-win-core-timezone-l1-1-0.dll
0x000007fef44c0000 - 0x000007fef44c3000 	C:\Windows\system32\api-ms-win-core-file-l2-1-0.dll
0x000007fef44b0000 - 0x000007fef44b3000 	C:\Windows\system32\api-ms-win-core-localization-l1-2-0.dll
0x000007fefc620000 - 0x000007fefc623000 	C:\Windows\system32\api-ms-win-core-synch-l1-2-0.dll
0x000007fef44a0000 - 0x000007fef44a3000 	C:\Windows\system32\api-ms-win-core-processthreads-l1-1-1.dll
0x000007fef4490000 - 0x000007fef4493000 	C:\Windows\system32\api-ms-win-core-file-l1-2-0.dll
0x000007fef4470000 - 0x000007fef4474000 	C:\Windows\system32\api-ms-win-crt-string-l1-1-0.dll
0x000007fef4480000 - 0x000007fef4483000 	C:\Windows\system32\api-ms-win-crt-heap-l1-1-0.dll
0x000007fef4460000 - 0x000007fef4464000 	C:\Windows\system32\api-ms-win-crt-stdio-l1-1-0.dll
0x000007fef4450000 - 0x000007fef4454000 	C:\Windows\system32\api-ms-win-crt-convert-l1-1-0.dll
0x000007fef3da0000 - 0x000007fef3da3000 	C:\Windows\system32\api-ms-win-crt-environment-l1-1-0.dll
0x000007fef3e70000 - 0x000007fef3e73000 	C:\Windows\system32\api-ms-win-crt-filesystem-l1-1-0.dll
0x000007fef3e90000 - 0x000007fef3e95000 	C:\Windows\system32\api-ms-win-crt-math-l1-1-0.dll
0x000007fef3db0000 - 0x000007fef3db3000 	C:\Windows\system32\api-ms-win-crt-locale-l1-1-0.dll
0x000007feff150000 - 0x000007feff17e000 	C:\Windows\system32\IMM32.DLL
0x000007feff5b0000 - 0x000007feff6b9000 	C:\Windows\system32\MSCTF.dll
0x000007fefd570000 - 0x000007fefd5a0000 	C:\Windows\system32\nvinitx.dll
0x000007fefd560000 - 0x000007fefd56c000 	C:\Windows\system32\VERSION.dll
0x000007feff2d0000 - 0x000007feff3ab000 	C:\Windows\system32\ADVAPI32.dll
0x000007feff3b0000 - 0x000007feff3cf000 	C:\Windows\SYSTEM32\sechost.dll
0x000007feff9a0000 - 0x000007feffacc000 	C:\Windows\system32\RPCRT4.dll
0x00000000751f0000 - 0x00000000751f6000 	C:\Program Files\NVIDIA Corporation\CoProcManager\detoured.dll
0x000007fefac10000 - 0x000007fefac48000 	C:\Program Files\NVIDIA Corporation\CoProcManager\nvd3d9wrapx.dll
0x000007feff3d0000 - 0x000007feff5a7000 	C:\Windows\system32\SETUPAPI.dll
0x000007fefd990000 - 0x000007fefd9c6000 	C:\Windows\system32\CFGMGR32.dll
0x000007feff8c0000 - 0x000007feff99a000 	C:\Windows\system32\OLEAUT32.dll
0x000007feff6c0000 - 0x000007feff8bf000 	C:\Windows\system32\ole32.dll
0x000007fefd650000 - 0x000007fefd66a000 	C:\Windows\system32\DEVOBJ.dll
0x000007fefabd0000 - 0x000007fefabf4000 	C:\Program Files\NVIDIA Corporation\CoProcManager\nvdxgiwrapx.dll
0x000007fecb140000 - 0x000007fecb1dd000 	D:\program files\android\android studio\jre\bin\msvcp140.dll
0x000007fef3e60000 - 0x000007fef3e65000 	C:\Windows\system32\api-ms-win-crt-multibyte-l1-1-0.dll
0x000007fef3e80000 - 0x000007fef3e83000 	C:\Windows\system32\api-ms-win-crt-time-l1-1-0.dll
0x000007fef3ea0000 - 0x000007fef3ea3000 	C:\Windows\system32\api-ms-win-crt-utility-l1-1-0.dll
0x000007febc550000 - 0x000007febd01f000 	D:\program files\android\android studio\jre\bin\server\jvm.dll
0x000007fef1a90000 - 0x000007fef1a99000 	C:\Windows\system32\WSOCK32.dll
0x000007fefdbe0000 - 0x000007fefdc2d000 	C:\Windows\system32\WS2_32.dll
0x000007fefeeb0000 - 0x000007fefeeb8000 	C:\Windows\system32\NSI.dll
0x000007fefa290000 - 0x000007fefa2cb000 	C:\Windows\system32\WINMM.dll
0x00000000779a0000 - 0x00000000779a7000 	C:\Windows\system32\PSAPI.DLL
0x000007fef63e0000 - 0x000007fef63f1000 	D:\program files\android\android studio\jre\bin\verify.dll
0x000007fef7640000 - 0x000007fef7765000 	C:\Windows\system32\DBGHELP.DLL
0x000007fee6060000 - 0x000007fee6089000 	D:\program files\android\android studio\jre\bin\java.dll
0x000007fef4bf0000 - 0x000007fef4bfb000 	D:\program files\android\android studio\jre\bin\jimage.dll
0x000007fee6040000 - 0x000007fee6058000 	D:\program files\android\android studio\jre\bin\zip.dll
0x000007fefdf00000 - 0x000007fefec8a000 	C:\Windows\system32\SHELL32.dll
0x000007fefd640000 - 0x000007fefd64f000 	C:\Windows\system32\profapi.dll
0x000007fee6020000 - 0x000007fee603a000 	D:\program files\android\android studio\jre\bin\net.dll
0x000007fef6f70000 - 0x000007fef6fe1000 	C:\Windows\system32\WINHTTP.dll
0x000007fef6f00000 - 0x000007fef6f65000 	C:\Windows\system32\webio.dll
0x000007fefcd70000 - 0x000007fefcdc5000 	C:\Windows\system32\mswsock.dll
0x000007fefcd60000 - 0x000007fefcd67000 	C:\Windows\System32\wship6.dll
0x000007fee4e10000 - 0x000007fee4e24000 	D:\program files\android\android studio\jre\bin\nio.dll
0x000007fed0fc0000 - 0x000007fed0fe7000 	C:\Users\user\.gradle\native\8bec1ad78214c89d9ad589b4d07fe93259594b29d510b10fafb7a158f7737e5d\windows-amd64\native-platform.dll
0x000007fecb640000 - 0x000007fecb77d000 	C:\Users\user\.gradle\native\53dbd7edfb1c66fb8903c78663c9afc45aea4f116125fa6feffd364cf09443e8\windows-amd64\native-platform-file-events.dll
0x000007fef4bc0000 - 0x000007fef4bca000 	D:\program files\android\android studio\jre\bin\management.dll
0x000007fee6010000 - 0x000007fee601c000 	D:\program files\android\android studio\jre\bin\management_ext.dll
0x000007fefcdd0000 - 0x000007fefcde8000 	C:\Windows\system32\CRYPTSP.dll
0x000007fefcad0000 - 0x000007fefcb17000 	C:\Windows\system32\rsaenh.dll
0x000007fefd860000 - 0x000007fefd87e000 	C:\Windows\system32\USERENV.dll
0x000007fefd490000 - 0x000007fefd49f000 	C:\Windows\system32\CRYPTBASE.dll
0x000007fefa010000 - 0x000007fefa037000 	C:\Windows\system32\IPHLPAPI.DLL
0x000007fefa000000 - 0x000007fefa00b000 	C:\Windows\system32\WINNSI.DLL
0x000007fef7520000 - 0x000007fef7531000 	C:\Windows\system32\dhcpcsvc6.DLL
0x000007fef7540000 - 0x000007fef7558000 	C:\Windows\system32\dhcpcsvc.DLL

dbghelp: loaded successfully - version: 4.0.5 - missing functions: none
symbol engine: initialized successfully - sym options: 0x614 - pdb path: .;D:\program files\android\android studio\jre\bin;C:\Windows\SYSTEM32;C:\Windows\WinSxS\amd64_microsoft.windows.common-controls_6595b64144ccf1df_6.0.7601.24380_none_e3731d0b30fb6b11;C:\Program Files\NVIDIA Corporation\CoProcManager;D:\program files\android\android studio\jre\bin\server;C:\Users\user\.gradle\native\8bec1ad78214c89d9ad589b4d07fe93259594b29d510b10fafb7a158f7737e5d\windows-amd64;C:\Users\user\.gradle\native\53dbd7edfb1c66fb8903c78663c9afc45aea4f116125fa6feffd364cf09443e8\windows-amd64

VM Arguments:
jvm_args: --add-opens=java.base/java.util=ALL-UNNAMED --add-opens=java.base/java.lang=ALL-UNNAMED --add-opens=java.base/java.lang.invoke=ALL-UNNAMED --add-opens=java.base/java.util=ALL-UNNAMED --add-opens=java.prefs/java.util.prefs=ALL-UNNAMED --add-opens=java.prefs/java.util.prefs=ALL-UNNAMED --add-opens=java.base/java.nio.charset=ALL-UNNAMED --add-opens=java.base/java.net=ALL-UNNAMED --add-opens=java.base/java.util.concurrent.atomic=ALL-UNNAMED -Xmx2048m -Dfile.encoding=UTF-8 -Duser.country=RU -Duser.language=ru -Duser.variant 
java_command: org.gradle.launcher.daemon.bootstrap.GradleDaemon 7.0.2
java_class_path (initial): C:\Users\user\.gradle\wrapper\dists\gradle-7.0.2-bin\857tjihv64xamwrf0h14cai3r\gradle-7.0.2\lib\gradle-launcher-7.0.2.jar
Launcher Type: SUN_STANDARD

[Global flags]
     intx CICompilerCount                          = 3                                         {product} {ergonomic}
     uint ConcGCThreads                            = 1                                         {product} {ergonomic}
     uint G1ConcRefinementThreads                  = 4                                         {product} {ergonomic}
   size_t G1HeapRegionSize                         = 1048576                                   {product} {ergonomic}
    uintx GCDrainStackTargetSize                   = 64                                        {product} {ergonomic}
   size_t InitialHeapSize                          = 134217728                                 {product} {ergonomic}
   size_t MarkStackSize                            = 4194304                                   {product} {ergonomic}
   size_t MaxHeapSize                              = 2147483648                                {product} {command line}
   size_t MaxNewSize                               = 1287651328                                {product} {ergonomic}
   size_t MinHeapDeltaBytes                        = 1048576                                   {product} {ergonomic}
    uintx NonNMethodCodeHeapSize                   = 5830732                                {pd product} {ergonomic}
    uintx NonProfiledCodeHeapSize                  = 122913754                              {pd product} {ergonomic}
    uintx ProfiledCodeHeapSize                     = 122913754                              {pd product} {ergonomic}
    uintx ReservedCodeCacheSize                    = 251658240                              {pd product} {ergonomic}
     bool SegmentedCodeCache                       = true                                      {product} {ergonomic}
     bool UseCompressedClassPointers               = true                                 {lp64_product} {ergonomic}
     bool UseCompressedOops                        = true                                 {lp64_product} {ergonomic}
     bool UseG1GC                                  = true                                      {product} {ergonomic}
     bool UseLargePagesIndividualAllocation        = false                                  {pd product} {ergonomic}

Logging:
Log output configuration:
 #0: stdout all=warning uptime,level,tags
 #1: stderr all=off uptime,level,tags

Environment Variables:
JAVA_HOME=C:\Program Files\Java\jdk-17
PATH=C:\Program Files (x86)\Common Files\Intel\Shared Libraries\redist\intel64\compiler;C:\Program Files (x86)\Common Files\Intel\Shared Libraries\redist\ia32\compiler;C:\Program Files\ImageMagick-7.0.8-Q16;C:\Program Files\Common Files\Microsoft Shared\Windows Live;C:\Program Files (x86)\Common Files\Microsoft Shared\Windows Live;C:\ProgramData\Oracle\Java\javapath;C:\Windows\system32;C:\Windows;C:\Windows\System32\Wbem;C:\Windows\System32\WindowsPowerShell\v1.0\;C:\Program Files (x86)\Windows Live\Shared;C:\Users\user\AppData\Local\Smartbar\Application\;C:\adb;C:\Program Files\Calibre2\;C:\Program Files\Microsoft SQL Server\130\Tools\Binn\;C:\Program Files (x86)\Microsoft SQL Server\80\Tools\Binn\;C:\Program Files (x86)\NVIDIA Corporation\PhysX\Common;C:\Program Files\NVIDIA Corporation\NVIDIA NvDLISR;C:\Program Files\Git\cmd;D:\program files\matlab\runtime\win64;D:\program files\matlab\bin;D:\program files\matlab\polyspace\bin;C:\Program Files\PuTTY\;C:\Program Files\nodejs\;D:\program files\LLVM\bin;C:\Program Files\Java\jdk-17\bin;C:\python\Scripts\;C:\python\;C:\Users\user\AppData\Local\GitHubDesktop\bin;C:\Users\user\AppData\Roaming\npm;D:\program files\intelegeIDE\IntelliJ IDEA Community Edition 2021.2.3\bin;
USERNAME=user
OS=Windows_NT
PROCESSOR_IDENTIFIER=Intel64 Family 6 Model 42 Stepping 7, GenuineIntel



---------------  S Y S T E M  ---------------

OS: Windows 7 , 64 bit Build 7601 (6.1.7601.24387)
OS uptime: 4 days 1:39 hours

CPU:total 4 (initial active 4) (2 cores per cpu, 2 threads per core) family 6 model 42 stepping 7 microcode 0x0, cmov, cx8, fxsr, mmx, sse, sse2, sse3, ssse3, sse4.1, sse4.2, popcnt, avx, clmul, ht, tsc, tscinvbit

Memory: 4k page, system-wide physical 8104M (777M free)
TotalPageFile size 18102M (AvailPageFile size 6M)
current process WorkingSet (physical memory assigned to process): 179M, peak: 181M
current process commit charge ("private bytes"): 268M, peak: 270M

vm_info: OpenJDK 64-Bit Server VM (11.0.10+0-b96-7249189) for windows-amd64 JRE (11.0.10+0-b96-7249189), built on Mar 31 2021 21:44:00 by "builder" with MS VC++ 14.0 (VS2015)

END.
